"../../../Engine/Content/EditorResources/S_Actor.ubulk" 0
"../../../Engine/Content/EditorResources/S_Actor.uasset" 1
"../../../Engine/Content/EditorResources/S_Actor.uexp" 2
"../../../Engine/Content/EditorResources/S_BoxReflectionCapture.uasset" 3
"../../../Engine/Content/EditorResources/S_BoxReflectionCapture.uexp" 4
"../../../Engine/Content/EngineResources/DefaultTexture.ubulk" 5
"../../../Engine/Content/EngineResources/DefaultTexture.uasset" 6
"../../../Engine/Content/EngineResources/DefaultTexture.uexp" 7
"../../../Engine/Content/EngineResources/DefaultTextureCube.uasset" 8
"../../../Engine/Content/EngineResources/DefaultTextureCube.uexp" 9
"../../../Engine/Content/EngineResources/DefaultVolumeTexture2D.uasset" 10
"../../../Engine/Content/EngineResources/DefaultVolumeTexture2D.uexp" 11
"../../../Engine/Content/EngineResources/DefaultVolumeTexture.uasset" 12
"../../../Engine/Content/EngineResources/DefaultVolumeTexture.uexp" 13
"../../../Engine/Content/EditorResources/S_Trigger.ubulk" 14
"../../../Engine/Content/EditorResources/S_Trigger.uasset" 15
"../../../Engine/Content/EditorResources/S_Trigger.uexp" 16
"../../../Engine/Content/EditorResources/S_TriggerBox.uasset" 17
"../../../Engine/Content/EditorResources/S_TriggerBox.uexp" 18
"../../../Engine/Content/EditorResources/S_TriggerCapsule.uasset" 19
"../../../Engine/Content/EditorResources/S_TriggerCapsule.uexp" 20
"../../../Engine/Content/EditorResources/S_TriggerSphere.uasset" 21
"../../../Engine/Content/EditorResources/S_TriggerSphere.uexp" 22
"../../../Engine/Content/EngineMeshes/Sphere.ubulk" 23
"../../../Engine/Content/EngineMeshes/Sphere.uasset" 24
"../../../Engine/Content/EngineMeshes/Sphere.uexp" 25
"../../../Engine/Content/EngineResources/GradientTexture0.uasset" 26
"../../../Engine/Content/EngineResources/GradientTexture0.uexp" 27
"../../../Engine/Content/EngineResources/Black.uasset" 28
"../../../Engine/Content/EngineResources/Black.uexp" 29
"../../../Engine/Content/VREditor/LaserPointer/VR_LaserPower_01.ubulk" 30
"../../../Engine/Content/VREditor/LaserPointer/VR_LaserPower_01.uasset" 31
"../../../Engine/Content/VREditor/LaserPointer/VR_LaserPower_01.uexp" 32
"../../../Engine/Content/VREditor/TransformGizmo/TransformGizmoMaterial.uasset" 33
"../../../Engine/Content/VREditor/TransformGizmo/TransformGizmoMaterial.uexp" 34
"../../../Engine/Content/VREditor/TransformGizmo/TranslucentTransformGizmoMaterial.uasset" 35
"../../../Engine/Content/VREditor/TransformGizmo/TranslucentTransformGizmoMaterial.uexp" 36
"../../../Engine/Content/VREditor/TransformGizmo/PlaneTranslationHandle.ubulk" 37
"../../../Engine/Content/VREditor/TransformGizmo/PlaneTranslationHandle.uasset" 38
"../../../Engine/Content/VREditor/TransformGizmo/PlaneTranslationHandle.uexp" 39
"../../../Engine/Content/VREditor/TransformGizmo/BoundingBoxCorner.ubulk" 40
"../../../Engine/Content/VREditor/TransformGizmo/BoundingBoxCorner.uasset" 41
"../../../Engine/Content/VREditor/TransformGizmo/BoundingBoxCorner.uexp" 42
"../../../Engine/Content/VREditor/TransformGizmo/BoundingBoxEdge.ubulk" 43
"../../../Engine/Content/VREditor/TransformGizmo/BoundingBoxEdge.uasset" 44
"../../../Engine/Content/VREditor/TransformGizmo/BoundingBoxEdge.uexp" 45
"../../../Engine/Content/VREditor/TransformGizmo/Main.uasset" 46
"../../../Engine/Content/VREditor/TransformGizmo/Main.uexp" 47
"../../../Engine/Content/VREditor/TransformGizmo/Xray.uasset" 48
"../../../Engine/Content/VREditor/TransformGizmo/Xray.uexp" 49
"../../../Engine/Content/VREditor/TransformGizmo/SM_Sequencer_Node.ubulk" 50
"../../../Engine/Content/VREditor/TransformGizmo/SM_Sequencer_Node.uasset" 51
"../../../Engine/Content/VREditor/TransformGizmo/SM_Sequencer_Node.uexp" 52
"../../../Engine/Content/EditorMaterials/Camera/CineMat.uasset" 53
"../../../Engine/Content/EditorMaterials/Camera/CineMat.uexp" 54
"../../../Engine/Content/EditorMaterials/Camera/MI_CineMat_Rig.uasset" 55
"../../../Engine/Content/EditorMaterials/Camera/MI_CineMat_Rig.uexp" 56
"../../../Engine/Content/EditorMeshes/Camera/SM_CraneRig_Base.ubulk" 57
"../../../Engine/Content/EditorMeshes/Camera/SM_CraneRig_Base.uasset" 58
"../../../Engine/Content/EditorMeshes/Camera/SM_CraneRig_Base.uexp" 59
"../../../Engine/Content/EditorMeshes/Camera/SM_CraneRig_Arm.ubulk" 60
"../../../Engine/Content/EditorMeshes/Camera/SM_CraneRig_Arm.uasset" 61
"../../../Engine/Content/EditorMeshes/Camera/SM_CraneRig_Arm.uexp" 62
"../../../Engine/Content/EditorMeshes/Camera/SM_CraneRig_Mount.ubulk" 63
"../../../Engine/Content/EditorMeshes/Camera/SM_CraneRig_Mount.uasset" 64
"../../../Engine/Content/EditorMeshes/Camera/SM_CraneRig_Mount.uexp" 65
"../../../Engine/Content/EditorMeshes/Camera/SM_CraneRig_Body.ubulk" 66
"../../../Engine/Content/EditorMeshes/Camera/SM_CraneRig_Body.uasset" 67
"../../../Engine/Content/EditorMeshes/Camera/SM_CraneRig_Body.uexp" 68
"../../../Engine/Content/EditorMeshes/Camera/SM_RailRig_Track.ubulk" 69
"../../../Engine/Content/EditorMeshes/Camera/SM_RailRig_Track.uasset" 70
"../../../Engine/Content/EditorMeshes/Camera/SM_RailRig_Track.uexp" 71
"../../../Engine/Content/EditorMeshes/Camera/SM_RailRig_Mount.ubulk" 72
"../../../Engine/Content/EditorMeshes/Camera/SM_RailRig_Mount.uasset" 73
"../../../Engine/Content/EditorMeshes/Camera/SM_RailRig_Mount.uexp" 74
"../../../Engine/Content/EngineMaterials/T_Default_Material_Grid_M.ubulk" 75
"../../../Engine/Content/EngineMaterials/T_Default_Material_Grid_M.uasset" 76
"../../../Engine/Content/EngineMaterials/T_Default_Material_Grid_M.uexp" 77
"../../../Engine/Content/EngineMaterials/T_Default_Material_Grid_N.ubulk" 78
"../../../Engine/Content/EngineMaterials/T_Default_Material_Grid_N.uasset" 79
"../../../Engine/Content/EngineMaterials/T_Default_Material_Grid_N.uexp" 80
"../../../Engine/Content/Functions/Engine_MaterialFunctions01/Opacity/CameraDepthFade.uasset" 81
"../../../Engine/Content/Functions/Engine_MaterialFunctions01/Opacity/CameraDepthFade.uexp" 82
"../../../Engine/Content/EngineMaterials/WorldGridMaterial.uasset" 83
"../../../Engine/Content/EngineMaterials/WorldGridMaterial.uexp" 84
"../../../Engine/Content/ArtTools/RenderToTexture/Meshes/S_1_Unit_Plane.ubulk" 85
"../../../Engine/Content/ArtTools/RenderToTexture/Meshes/S_1_Unit_Plane.uasset" 86
"../../../Engine/Content/ArtTools/RenderToTexture/Meshes/S_1_Unit_Plane.uexp" 87
"../../../Engine/Content/EditorMaterials/ParticleSystems/PSysThumbnail_NoImage.ubulk" 88
"../../../Engine/Content/EditorMaterials/ParticleSystems/PSysThumbnail_NoImage.uasset" 89
"../../../Engine/Content/EditorMaterials/ParticleSystems/PSysThumbnail_NoImage.uexp" 90
"../../../Engine/Content/EditorMaterials/ParticleSystems/PSysThumbnail_OOD.ubulk" 91
"../../../Engine/Content/EditorMaterials/ParticleSystems/PSysThumbnail_OOD.uasset" 92
"../../../Engine/Content/EditorMaterials/ParticleSystems/PSysThumbnail_OOD.uexp" 93
"../../../Engine/Content/EditorLandscapeResources/SplineEditorMeshMat.uasset" 94
"../../../Engine/Content/EditorLandscapeResources/SplineEditorMeshMat.uexp" 95
"../../../Engine/Content/EditorLandscapeResources/SplineEditorMesh.ubulk" 96
"../../../Engine/Content/EditorLandscapeResources/SplineEditorMesh.uasset" 97
"../../../Engine/Content/EditorLandscapeResources/SplineEditorMesh.uexp" 98
"../../../Engine/Content/EditorResources/S_Solver.ubulk" 99
"../../../Engine/Content/EditorResources/S_Solver.uasset" 100
"../../../Engine/Content/EditorResources/S_Solver.uexp" 101
"../../../Engine/Plugins/Media/MediaPlate/Content/SM_MediaPlateScreen.ubulk" 102
"../../../Engine/Plugins/Media/MediaPlate/Content/SM_MediaPlateScreen.uasset" 103
"../../../Engine/Plugins/Media/MediaPlate/Content/SM_MediaPlateScreen.uexp" 104
"../../../Engine/Content/EngineMaterials/Good64x64TilingNoiseHighFreq.uasset" 105
"../../../Engine/Content/EngineMaterials/Good64x64TilingNoiseHighFreq.uexp" 106
"../../../Engine/Content/EngineMaterials/DefaultBokeh.uasset" 107
"../../../Engine/Content/EngineMaterials/DefaultBokeh.uexp" 108
"../../../Engine/Content/EngineMaterials/PreintegratedSkinBRDF.uasset" 109
"../../../Engine/Content/EngineMaterials/PreintegratedSkinBRDF.uexp" 110
"../../../Engine/Content/EngineMaterials/MiniFont.uasset" 111
"../../../Engine/Content/EngineMaterials/MiniFont.uexp" 112
"../../../Engine/Content/EngineMaterials/WeightMapPlaceholderTexture.uasset" 113
"../../../Engine/Content/EngineMaterials/WeightMapPlaceholderTexture.uexp" 114
"../../../Engine/Content/EngineMaterials/DefaultWhiteGrid.ubulk" 115
"../../../Engine/Content/EngineMaterials/DefaultWhiteGrid.uasset" 116
"../../../Engine/Content/EngineMaterials/DefaultWhiteGrid.uexp" 117
"C:/VOLUMEN/Unreal/DemoMakers/Demomakers/demoexe/Content/LevelPrototyping/Textures/T_GridChecker_A.ubulk" 118
"C:/VOLUMEN/Unreal/DemoMakers/Demomakers/demoexe/Content/LevelPrototyping/Textures/T_GridChecker_A.uasset" 119
"C:/VOLUMEN/Unreal/DemoMakers/Demomakers/demoexe/Content/LevelPrototyping/Textures/T_GridChecker_A.uexp" 120
"../../../Engine/Content/Functions/Engine_MaterialFunctions02/Utility/MakeFloat3.uasset" 121
"../../../Engine/Content/Functions/Engine_MaterialFunctions02/Utility/MakeFloat3.uexp" 122
"../../../Engine/Content/Functions/Engine_MaterialFunctions01/Gradient/LinearGradient.uasset" 123
"../../../Engine/Content/Functions/Engine_MaterialFunctions01/Gradient/LinearGradient.uexp" 124
"../../../Engine/Content/Functions/Engine_MaterialFunctions01/ImageAdjustment/CheapContrast.uasset" 125
"../../../Engine/Content/Functions/Engine_MaterialFunctions01/ImageAdjustment/CheapContrast.uexp" 126
"../../../Engine/Content/Functions/Engine_MaterialFunctions02/Utility/BreakOutFloat3Components.uasset" 127
"../../../Engine/Content/Functions/Engine_MaterialFunctions02/Utility/BreakOutFloat3Components.uexp" 128
"C:/VOLUMEN/Unreal/DemoMakers/Demomakers/demoexe/Content/LevelPrototyping/Materials/MF_ProcGrid.uasset" 129
"C:/VOLUMEN/Unreal/DemoMakers/Demomakers/demoexe/Content/LevelPrototyping/Materials/MF_ProcGrid.uexp" 130
"C:/VOLUMEN/Unreal/DemoMakers/Demomakers/demoexe/Content/LevelPrototyping/Materials/M_PrototypeGrid.uasset" 131
"C:/VOLUMEN/Unreal/DemoMakers/Demomakers/demoexe/Content/LevelPrototyping/Materials/M_PrototypeGrid.uexp" 132
"C:/VOLUMEN/Unreal/DemoMakers/Demomakers/demoexe/Content/LevelPrototyping/Materials/MI_PrototypeGrid_TopDark.uasset" 133
"C:/VOLUMEN/Unreal/DemoMakers/Demomakers/demoexe/Content/LevelPrototyping/Materials/MI_PrototypeGrid_TopDark.uexp" 134
"C:/VOLUMEN/Unreal/DemoMakers/Demomakers/demoexe/Content/LevelPrototyping/Materials/MI_PrototypeGrid_Gray.uasset" 135
"C:/VOLUMEN/Unreal/DemoMakers/Demomakers/demoexe/Content/LevelPrototyping/Materials/MI_PrototypeGrid_Gray.uexp" 136
"C:/VOLUMEN/Unreal/DemoMakers/Demomakers/demoexe/Content/LevelPrototyping/Meshes/SM_Ramp.ubulk" 137
"C:/VOLUMEN/Unreal/DemoMakers/Demomakers/demoexe/Content/LevelPrototyping/Meshes/SM_Ramp.uasset" 138
"C:/VOLUMEN/Unreal/DemoMakers/Demomakers/demoexe/Content/LevelPrototyping/Meshes/SM_Ramp.uexp" 139
"C:/VOLUMEN/Unreal/DemoMakers/Demomakers/demoexe/Content/LevelPrototyping/Meshes/SM_QuarterCylinder.ubulk" 140
"C:/VOLUMEN/Unreal/DemoMakers/Demomakers/demoexe/Content/LevelPrototyping/Meshes/SM_QuarterCylinder.uasset" 141
"C:/VOLUMEN/Unreal/DemoMakers/Demomakers/demoexe/Content/LevelPrototyping/Meshes/SM_QuarterCylinder.uexp" 142
"C:/VOLUMEN/Unreal/DemoMakers/Demomakers/demoexe/Content/LevelPrototyping/Meshes/SM_Cube.ubulk" 143
"C:/VOLUMEN/Unreal/DemoMakers/Demomakers/demoexe/Content/LevelPrototyping/Meshes/SM_Cube.uasset" 144
"C:/VOLUMEN/Unreal/DemoMakers/Demomakers/demoexe/Content/LevelPrototyping/Meshes/SM_Cube.uexp" 145
"C:/VOLUMEN/Unreal/DemoMakers/Demomakers/demoexe/Content/LevelPrototyping/Materials/M_Solid.uasset" 146
"C:/VOLUMEN/Unreal/DemoMakers/Demomakers/demoexe/Content/LevelPrototyping/Materials/M_Solid.uexp" 147
"C:/VOLUMEN/Unreal/DemoMakers/Demomakers/demoexe/Content/LevelPrototyping/Materials/MI_Solid_Blue.uasset" 148
"C:/VOLUMEN/Unreal/DemoMakers/Demomakers/demoexe/Content/LevelPrototyping/Materials/MI_Solid_Blue.uexp" 149
"C:/VOLUMEN/Unreal/DemoMakers/Demomakers/demoexe/Content/LevelPrototyping/Meshes/SM_ChamferCube.ubulk" 150
"C:/VOLUMEN/Unreal/DemoMakers/Demomakers/demoexe/Content/LevelPrototyping/Meshes/SM_ChamferCube.uasset" 151
"C:/VOLUMEN/Unreal/DemoMakers/Demomakers/demoexe/Content/LevelPrototyping/Meshes/SM_ChamferCube.uexp" 152
"../../../Engine/Content/BasicShapes/Cube.ubulk" 153
"../../../Engine/Content/BasicShapes/Cube.uasset" 154
"../../../Engine/Content/BasicShapes/Cube.uexp" 155
"../../../Engine/Content/BasicShapes/BasicShapeMaterial.uasset" 156
"../../../Engine/Content/BasicShapes/BasicShapeMaterial.uexp" 157
"C:/VOLUMEN/Unreal/DemoMakers/Demomakers/demoexe/Content/ThirdPerson/Enemies/BP_chase.uasset" 158
"C:/VOLUMEN/Unreal/DemoMakers/Demomakers/demoexe/Content/ThirdPerson/Enemies/BP_chase.uexp" 159
"C:/VOLUMEN/Unreal/DemoMakers/Demomakers/demoexe/Content/ThirdPerson/Maps/Maps_content/Material_004.uasset" 160
"C:/VOLUMEN/Unreal/DemoMakers/Demomakers/demoexe/Content/ThirdPerson/Maps/Maps_content/Material_004.uexp" 161
"C:/VOLUMEN/Unreal/DemoMakers/Demomakers/demoexe/Content/ThirdPerson/Maps/Maps_content/Material_001.uasset" 162
"C:/VOLUMEN/Unreal/DemoMakers/Demomakers/demoexe/Content/ThirdPerson/Maps/Maps_content/Material_001.uexp" 163
"C:/VOLUMEN/Unreal/DemoMakers/Demomakers/demoexe/Content/ThirdPerson/Maps/Maps_content/Material_002.uasset" 164
"C:/VOLUMEN/Unreal/DemoMakers/Demomakers/demoexe/Content/ThirdPerson/Maps/Maps_content/Material_002.uexp" 165
"C:/VOLUMEN/Unreal/DemoMakers/Demomakers/demoexe/Content/ThirdPerson/Maps/Maps_content/Material.uasset" 166
"C:/VOLUMEN/Unreal/DemoMakers/Demomakers/demoexe/Content/ThirdPerson/Maps/Maps_content/Material.uexp" 167
"C:/VOLUMEN/Unreal/DemoMakers/Demomakers/demoexe/Content/ThirdPerson/Maps/Maps_content/Material_003.uasset" 168
"C:/VOLUMEN/Unreal/DemoMakers/Demomakers/demoexe/Content/ThirdPerson/Maps/Maps_content/Material_003.uexp" 169
"C:/VOLUMEN/Unreal/DemoMakers/Demomakers/demoexe/Content/ThirdPerson/Maps/Maps_content/mapa2.ubulk" 170
"C:/VOLUMEN/Unreal/DemoMakers/Demomakers/demoexe/Content/ThirdPerson/Maps/Maps_content/mapa2.uasset" 171
"C:/VOLUMEN/Unreal/DemoMakers/Demomakers/demoexe/Content/ThirdPerson/Maps/Maps_content/mapa2.uexp" 172
"../../../Engine/Plugins/Interchange/Runtime/Content/Pipelines/DefaultSceneLevelPipeline.uasset" 173
"../../../Engine/Plugins/Interchange/Runtime/Content/Pipelines/DefaultSceneLevelPipeline.uexp" 174
"../../../Engine/Content/EngineMaterials/DefaultMaterial.uasset" 175
"../../../Engine/Content/EngineMaterials/DefaultMaterial.uexp" 176
"../../../Engine/Content/BasicShapes/Sphere.ubulk" 177
"../../../Engine/Content/BasicShapes/Sphere.uasset" 178
"../../../Engine/Content/BasicShapes/Sphere.uexp" 179
"../../../Engine/Content/BasicShapes/Plane.ubulk" 180
"../../../Engine/Content/BasicShapes/Plane.uasset" 181
"../../../Engine/Content/BasicShapes/Plane.uexp" 182
"../../../Engine/Content/BasicShapes/Cylinder.ubulk" 183
"../../../Engine/Content/BasicShapes/Cylinder.uasset" 184
"../../../Engine/Content/BasicShapes/Cylinder.uexp" 185
"../../../Engine/Content/BasicShapes/Cone.ubulk" 186
"../../../Engine/Content/BasicShapes/Cone.uasset" 187
"../../../Engine/Content/BasicShapes/Cone.uexp" 188
"../../../Engine/Content/EditorLandscapeResources/DefaultAlphaTexture.uasset" 189
"../../../Engine/Content/EditorLandscapeResources/DefaultAlphaTexture.uexp" 190
"../../../Engine/Content/EditorLandscapeResources/DataLayer.uasset" 191
"../../../Engine/Content/EditorLandscapeResources/DataLayer.uexp" 192
"../../../Engine/Content/EditorMaterials/PreviewShadowIndicator.ubulk" 193
"../../../Engine/Content/EditorMaterials/PreviewShadowIndicator.uasset" 194
"../../../Engine/Content/EditorMaterials/PreviewShadowIndicator.uexp" 195
"../../../Engine/Content/EditorMaterials/PreviewShadowIndicatorMaterial.uasset" 196
"../../../Engine/Content/EditorMaterials/PreviewShadowIndicatorMaterial.uexp" 197
"../../../Engine/Content/EditorMaterials/PhAT_UnselectedMaterial.uasset" 198
"../../../Engine/Content/EditorMaterials/PhAT_UnselectedMaterial.uexp" 199
"../../../Engine/Content/EditorMaterials/PhAT_NoCollisionMaterial.uasset" 200
"../../../Engine/Content/EditorMaterials/PhAT_NoCollisionMaterial.uexp" 201
"../../../Engine/Content/Functions/Engine_MaterialFunctions02/Utility/MakeFloat4.uasset" 202
"../../../Engine/Content/Functions/Engine_MaterialFunctions02/Utility/MakeFloat4.uexp" 203
"../../../Engine/Content/EditorMaterials/WorldPartition/WorldPartitionSpatialHashGridPreviewMaterial.uasset" 204
"../../../Engine/Content/EditorMaterials/WorldPartition/WorldPartitionSpatialHashGridPreviewMaterial.uexp" 205
"../../../Engine/Content/EditorResources/S_Terrain.ubulk" 206
"../../../Engine/Content/EditorResources/S_Terrain.uasset" 207
"../../../Engine/Content/EditorResources/S_Terrain.uexp" 208
"../../../Engine/Content/EditorResources/EmptyActor.uasset" 209
"../../../Engine/Content/EditorResources/EmptyActor.uexp" 210
"../../../Engine/Content/EditorResources/BSPVertex.uasset" 211
"../../../Engine/Content/EditorResources/BSPVertex.uexp" 212
"../../../Engine/Content/EditorResources/SequenceRecorder/RecordingIndicator.uasset" 213
"../../../Engine/Content/EditorResources/SequenceRecorder/RecordingIndicator.uexp" 214
"../../../Engine/Content/EditorResources/SequenceRecorder/Countdown.uasset" 215
"../../../Engine/Content/EditorResources/SequenceRecorder/Countdown.uexp" 216
"../../../Engine/Content/EngineDamageTypes/DmgTypeBP_Environmental.uasset" 217
"../../../Engine/Content/EngineDamageTypes/DmgTypeBP_Environmental.uexp" 218
"../../../Engine/Content/Functions/Engine_MaterialFunctions02/Utility/CameraDirectionVector.uasset" 219
"../../../Engine/Content/Functions/Engine_MaterialFunctions02/Utility/CameraDirectionVector.uexp" 220
"../../../Engine/Content/EngineDebugMaterials/VolumeToRender.uasset" 221
"../../../Engine/Content/EngineDebugMaterials/VolumeToRender.uexp" 222
"../../../Engine/Content/EngineDebugMaterials/M_VolumeRenderSphereTracePP.uasset" 223
"../../../Engine/Content/EngineDebugMaterials/M_VolumeRenderSphereTracePP.uexp" 224
"../../../Engine/Content/EngineDebugMaterials/M_SimpleUnlitTranslucent.uasset" 225
"../../../Engine/Content/EngineDebugMaterials/M_SimpleUnlitTranslucent.uexp" 226
"../../../Engine/Content/EngineDebugMaterials/DebugMeshMaterial.uasset" 227
"../../../Engine/Content/EngineDebugMaterials/DebugMeshMaterial.uexp" 228
"../../../Engine/Content/EngineDebugMaterials/DebugEditorMaterial.uasset" 229
"../../../Engine/Content/EngineDebugMaterials/DebugEditorMaterial.uexp" 230
"../../../Engine/Content/EngineFonts/Faces/RobotoLight.uexp" 231
"../../../Engine/Content/EngineFonts/Faces/RobotoLight.uasset" 232
"../../../Engine/Content/EngineFonts/Faces/RobotoLight.ufont" 233
"../../../Engine/Content/EngineFonts/Faces/RobotoBold.uexp" 234
"../../../Engine/Content/EngineFonts/Faces/RobotoBold.uasset" 235
"../../../Engine/Content/EngineFonts/Faces/RobotoBold.ufont" 236
"../../../Engine/Content/EngineFonts/Faces/RobotoRegular.uexp" 237
"../../../Engine/Content/EngineFonts/Faces/RobotoRegular.uasset" 238
"../../../Engine/Content/EngineFonts/Faces/RobotoRegular.ufont" 239
"../../../Engine/Content/EngineFonts/Faces/DroidSansFallback.uexp" 240
"../../../Engine/Content/EngineFonts/Faces/DroidSansFallback.uasset" 241
"../../../Engine/Content/EngineFonts/Faces/DroidSansFallback.ufont" 242
"../../../Engine/Content/EngineFonts/Faces/RobotoItalic.uexp" 243
"../../../Engine/Content/EngineFonts/Faces/RobotoItalic.uasset" 244
"../../../Engine/Content/EngineFonts/Faces/RobotoItalic.ufont" 245
"../../../Engine/Content/EngineFonts/Faces/RobotoBoldItalic.uexp" 246
"../../../Engine/Content/EngineFonts/Faces/RobotoBoldItalic.uasset" 247
"../../../Engine/Content/EngineFonts/Faces/RobotoBoldItalic.ufont" 248
"../../../Engine/Content/EngineFonts/Roboto.uasset" 249
"../../../Engine/Content/EngineFonts/Roboto.uexp" 250
"../../../Engine/Content/EngineResources/WhiteSquareTexture.uasset" 251
"../../../Engine/Content/EngineResources/WhiteSquareTexture.uexp" 252
"../../../Engine/Content/EngineMaterials/Widget3DPassThrough.uasset" 253
"../../../Engine/Content/EngineMaterials/Widget3DPassThrough.uexp" 254
"../../../Engine/Content/EngineMaterials/Widget3DPassThrough_Translucent.uasset" 255
"../../../Engine/Content/EngineMaterials/Widget3DPassThrough_Translucent.uexp" 256
"../../../Engine/Content/EngineMaterials/Widget3DPassThrough_Translucent_OneSided.uasset" 257
"../../../Engine/Content/EngineMaterials/Widget3DPassThrough_Translucent_OneSided.uexp" 258
"../../../Engine/Content/EngineMaterials/Widget3DPassThrough_Opaque.uasset" 259
"../../../Engine/Content/EngineMaterials/Widget3DPassThrough_Opaque.uexp" 260
"../../../Engine/Content/EngineMaterials/Widget3DPassThrough_Opaque_OneSided.uasset" 261
"../../../Engine/Content/EngineMaterials/Widget3DPassThrough_Opaque_OneSided.uexp" 262
"../../../Engine/Content/EngineMaterials/Widget3DPassThrough_Masked_OneSided.uasset" 263
"../../../Engine/Content/EngineMaterials/Widget3DPassThrough_Masked_OneSided.uexp" 264
"../../../Engine/Content/EngineMaterials/Widget3DPassThrough_Masked.uasset" 265
"../../../Engine/Content/EngineMaterials/Widget3DPassThrough_Masked.uexp" 266
"../../../Engine/Plugins/Runtime/MeshModelingToolset/Content/Materials/M_DynamicMeshComponentVtxColor.uasset" 267
"../../../Engine/Plugins/Runtime/MeshModelingToolset/Content/Materials/M_DynamicMeshComponentVtxColor.uexp" 268
"../../../Engine/Content/EngineMaterials/STBlueNoise_vec2_128x128x64.uasset" 269
"../../../Engine/Content/EngineMaterials/STBlueNoise_vec2_128x128x64.uexp" 270
"../../../Engine/Content/EngineMaterials/STBlueNoise_scalar_128x128x64.uasset" 271
"../../../Engine/Content/EngineMaterials/STBlueNoise_scalar_128x128x64.uexp" 272
"../../../Engine/Content/EngineMaterials/RemoveSurfaceMaterial.uasset" 273
"../../../Engine/Content/EngineMaterials/RemoveSurfaceMaterial.uexp" 274
"../../../Engine/Content/EngineMaterials/DefaultCalibrationGrayscale.uasset" 275
"../../../Engine/Content/EngineMaterials/DefaultCalibrationGrayscale.uexp" 276
"../../../Engine/Content/EngineMaterials/PPM_DefaultCalibrationGrayscale.uasset" 277
"../../../Engine/Content/EngineMaterials/PPM_DefaultCalibrationGrayscale.uexp" 278
"../../../Engine/Content/EngineMaterials/DefaultCalibrationColor.uasset" 279
"../../../Engine/Content/EngineMaterials/DefaultCalibrationColor.uexp" 280
"../../../Engine/Content/EngineMaterials/PPM_DefaultCalibrationColor.uasset" 281
"../../../Engine/Content/EngineMaterials/PPM_DefaultCalibrationColor.uexp" 282
"../../../Engine/Content/Functions/Engine_MaterialFunctions02/WorldPositionOffset/CameraOffset.uasset" 283
"../../../Engine/Content/Functions/Engine_MaterialFunctions02/WorldPositionOffset/CameraOffset.uexp" 284
"../../../Engine/Content/EngineMaterials/PhAT_JointLimitMaterial.uasset" 285
"../../../Engine/Content/EngineMaterials/PhAT_JointLimitMaterial.uexp" 286
"../../../Engine/Content/EngineMaterials/InvalidLightmapSettings.ubulk" 287
"../../../Engine/Content/EngineMaterials/InvalidLightmapSettings.uasset" 288
"../../../Engine/Content/EngineMaterials/InvalidLightmapSettings.uexp" 289
"../../../Engine/Content/EngineMaterials/M_InvalidLightmapSettings.uasset" 290
"../../../Engine/Content/EngineMaterials/M_InvalidLightmapSettings.uexp" 291
"../../../Engine/Plugins/Interchange/Runtime/Content/gltf/Textures/T_Gray_Linear.uasset" 292
"../../../Engine/Plugins/Interchange/Runtime/Content/gltf/Textures/T_Gray_Linear.uexp" 293
"../../../Engine/Plugins/Interchange/Runtime/Content/Materials/MapOrLinearColorFunction.uasset" 294
"../../../Engine/Plugins/Interchange/Runtime/Content/Materials/MapOrLinearColorFunction.uexp" 295
"../../../Engine/Content/EngineMaterials/DefaultNormal.ubulk" 296
"../../../Engine/Content/EngineMaterials/DefaultNormal.uasset" 297
"../../../Engine/Content/EngineMaterials/DefaultNormal.uexp" 298
"../../../Engine/Plugins/Interchange/Runtime/Content/Materials/MapOrScalarFunction.uasset" 299
"../../../Engine/Plugins/Interchange/Runtime/Content/Materials/MapOrScalarFunction.uexp" 300
"../../../Engine/Plugins/Interchange/Runtime/Content/Materials/MapOrColorFunction.uasset" 301
"../../../Engine/Plugins/Interchange/Runtime/Content/Materials/MapOrColorFunction.uexp" 302
"../../../Engine/Content/EngineMaterials/BaseFlattenLinearColor.uasset" 303
"../../../Engine/Content/EngineMaterials/BaseFlattenLinearColor.uexp" 304
"../../../Engine/Plugins/Interchange/Runtime/Content/Materials/CommonMaterial.uasset" 305
"../../../Engine/Plugins/Interchange/Runtime/Content/Materials/CommonMaterial.uexp" 306
"../../../Engine/Plugins/Interchange/Runtime/Content/Materials/PBRSurfaceFunction.uasset" 307
"../../../Engine/Plugins/Interchange/Runtime/Content/Materials/PBRSurfaceFunction.uexp" 308
"../../../Engine/Plugins/Interchange/Runtime/Content/Materials/ClearCoatMaterial.uasset" 309
"../../../Engine/Plugins/Interchange/Runtime/Content/Materials/ClearCoatMaterial.uexp" 310
"../../../Engine/Plugins/Interchange/Runtime/Content/Materials/UnlitMaterial.uasset" 311
"../../../Engine/Plugins/Interchange/Runtime/Content/Materials/UnlitMaterial.uexp" 312
"../../../Engine/Content/EngineMaterials/GizmoMaterial.uasset" 313
"../../../Engine/Content/EngineMaterials/GizmoMaterial.uexp" 314
"../../../Engine/Content/EngineMaterials/BaseFlattenEmissiveMap_VT.uasset" 315
"../../../Engine/Content/EngineMaterials/BaseFlattenEmissiveMap_VT.uexp" 316
"../../../Engine/Content/EngineMaterials/BaseFlattenGrayscaleMap_VT.uasset" 317
"../../../Engine/Content/EngineMaterials/BaseFlattenGrayscaleMap_VT.uexp" 318
"../../../Engine/Content/EngineMaterials/BaseFlattenLinearColor_VT.uasset" 319
"../../../Engine/Content/EngineMaterials/BaseFlattenLinearColor_VT.uexp" 320
"../../../Engine/Content/EngineMaterials/Black_1x1_EXR_Texture_VT.uasset" 321
"../../../Engine/Content/EngineMaterials/Black_1x1_EXR_Texture_VT.uexp" 322
"../../../Engine/Content/EngineMaterials/BaseFlattenDiffuseMap_VT.uasset" 323
"../../../Engine/Content/EngineMaterials/BaseFlattenDiffuseMap_VT.uexp" 324
"../../../Engine/Content/EngineMaterials/BaseFlattenNormalMap_VT.uasset" 325
"../../../Engine/Content/EngineMaterials/BaseFlattenNormalMap_VT.uexp" 326
"../../../Engine/Content/EngineMaterials/FlattenMaterial_WS_Normal_VT.uasset" 327
"../../../Engine/Content/EngineMaterials/FlattenMaterial_WS_Normal_VT.uexp" 328
"../../../Engine/Content/EngineMaterials/FlattenMaterial_VT.uasset" 329
"../../../Engine/Content/EngineMaterials/FlattenMaterial_VT.uexp" 330
"../../../Engine/Content/EngineMaterials/BaseFlattenNormalMap.uasset" 331
"../../../Engine/Content/EngineMaterials/BaseFlattenNormalMap.uexp" 332
"../../../Engine/Content/EngineMaterials/BaseFlattenGrayscaleMap.uasset" 333
"../../../Engine/Content/EngineMaterials/BaseFlattenGrayscaleMap.uexp" 334
"../../../Engine/Content/EngineMaterials/BaseFlattenDiffuseMap.uasset" 335
"../../../Engine/Content/EngineMaterials/BaseFlattenDiffuseMap.uexp" 336
"../../../Engine/Content/Functions/Engine_MaterialFunctions02/PivotPainter2/Black_1x1_EXR_Texture.uasset" 337
"../../../Engine/Content/Functions/Engine_MaterialFunctions02/PivotPainter2/Black_1x1_EXR_Texture.uexp" 338
"../../../Engine/Content/EngineMaterials/BaseFlattenEmissiveMap.uasset" 339
"../../../Engine/Content/EngineMaterials/BaseFlattenEmissiveMap.uexp" 340
"../../../Engine/Content/EngineMaterials/FlattenMaterial.uasset" 341
"../../../Engine/Content/EngineMaterials/FlattenMaterial.uexp" 342
"../../../Engine/Content/EngineMaterials/DefaultWhiteGrid_Low.uasset" 343
"../../../Engine/Content/EngineMaterials/DefaultWhiteGrid_Low.uexp" 344
"../../../Engine/Content/EngineMaterials/EmissiveMeshMaterial.uasset" 345
"../../../Engine/Content/EngineMaterials/EmissiveMeshMaterial.uexp" 346
"../../../Engine/Plugins/Interchange/Runtime/Content/Pipelines/DefaultTexturePipeline.uasset" 347
"../../../Engine/Plugins/Interchange/Runtime/Content/Pipelines/DefaultTexturePipeline.uexp" 348
"../../../Engine/Content/EngineFonts/RobotoDistanceField.uasset" 349
"../../../Engine/Content/EngineFonts/RobotoDistanceField.uexp" 350
"../../../Engine/Content/EngineMaterials/DefaultTextMaterialOpaque.uasset" 351
"../../../Engine/Content/EngineMaterials/DefaultTextMaterialOpaque.uexp" 352
"../../../Engine/Content/EngineMaterials/DefaultDiffuse.ubulk" 353
"../../../Engine/Content/EngineMaterials/DefaultDiffuse.uasset" 354
"../../../Engine/Content/EngineMaterials/DefaultDiffuse.uexp" 355
"../../../Engine/Content/Functions/Engine_MaterialFunctions02/Utility/BreakOutFloat2Components.uasset" 356
"../../../Engine/Content/Functions/Engine_MaterialFunctions02/Utility/BreakOutFloat2Components.uexp" 357
"../../../Engine/Content/EngineMaterials/DefaultPostProcessMaterial.uasset" 358
"../../../Engine/Content/EngineMaterials/DefaultPostProcessMaterial.uexp" 359
"../../../Engine/Content/EngineMaterials/DefaultPhysicalMaterial.uasset" 360
"../../../Engine/Content/EngineMaterials/DefaultPhysicalMaterial.uexp" 361
"../../../Engine/Content/EngineMaterials/DefaultLightFunctionMaterial.uasset" 362
"../../../Engine/Content/EngineMaterials/DefaultLightFunctionMaterial.uexp" 363
"../../../Engine/Content/EngineMaterials/DefaultDestructiblePhysicalMaterial.uasset" 364
"../../../Engine/Content/EngineMaterials/DefaultDestructiblePhysicalMaterial.uexp" 365
"../../../Engine/Content/EngineMaterials/DefaultDeferredDecalMaterial.uasset" 366
"../../../Engine/Content/EngineMaterials/DefaultDeferredDecalMaterial.uexp" 367
"../../../Engine/Plugins/Interchange/Runtime/Content/gltf/Textures/T_Black_srgb.uasset" 368
"../../../Engine/Plugins/Interchange/Runtime/Content/gltf/Textures/T_Black_srgb.uexp" 369
"../../../Engine/Content/EngineMaterials/DefaultBloomKernel.uasset" 370
"../../../Engine/Content/EngineMaterials/DefaultBloomKernel.uexp" 371
"../../../Engine/Plugins/Interchange/Runtime/Content/Materials/ThinTranslucentMaterial.uasset" 372
"../../../Engine/Plugins/Interchange/Runtime/Content/Materials/ThinTranslucentMaterial.uexp" 373
"../../../Engine/Plugins/Interchange/Runtime/Content/Materials/SubsurfaceMaterial.uasset" 374
"../../../Engine/Plugins/Interchange/Runtime/Content/Materials/SubsurfaceMaterial.uexp" 375
"../../../Engine/Plugins/Interchange/Runtime/Content/Materials/SheenMaterial.uasset" 376
"../../../Engine/Plugins/Interchange/Runtime/Content/Materials/SheenMaterial.uexp" 377
"../../../Engine/Content/Functions/Engine_MaterialFunctions01/Shading/ConvertFromDiffSpec.uasset" 378
"../../../Engine/Content/Functions/Engine_MaterialFunctions01/Shading/ConvertFromDiffSpec.uexp" 379
"../../../Engine/Plugins/Interchange/Runtime/Content/Materials/PhongSurfaceMaterial.uasset" 380
"../../../Engine/Plugins/Interchange/Runtime/Content/Materials/PhongSurfaceMaterial.uexp" 381
"../../../Engine/Plugins/Interchange/Runtime/Content/Materials/PBRSurfaceMaterial.uasset" 382
"../../../Engine/Plugins/Interchange/Runtime/Content/Materials/PBRSurfaceMaterial.uexp" 383
"../../../Engine/Plugins/Interchange/Runtime/Content/Materials/LambertSurfaceMaterial.uasset" 384
"../../../Engine/Plugins/Interchange/Runtime/Content/Materials/LambertSurfaceMaterial.uexp" 385
"../../../Engine/Content/EngineResources/FilmGrains/Marcie_Grain_v3_128_M2_000.uasset" 386
"../../../Engine/Content/EngineResources/FilmGrains/Marcie_Grain_v3_128_M2_000.uexp" 387
"../../../Engine/Content/EngineSky/T_Sky_Stars.ubulk" 388
"../../../Engine/Content/EngineSky/T_Sky_Stars.uasset" 389
"../../../Engine/Content/EngineSky/T_Sky_Stars.uexp" 390
"../../../Engine/Content/EngineSky/T_Sky_Clouds_M.ubulk" 391
"../../../Engine/Content/EngineSky/T_Sky_Clouds_M.uasset" 392
"../../../Engine/Content/EngineSky/T_Sky_Clouds_M.uexp" 393
"../../../Engine/Content/EngineSky/T_Sky_Blue.ubulk" 394
"../../../Engine/Content/EngineSky/T_Sky_Blue.uasset" 395
"../../../Engine/Content/EngineSky/T_Sky_Blue.uexp" 396
"../../../Engine/Content/EngineSky/M_Sky_Panning_Clouds2.uasset" 397
"../../../Engine/Content/EngineSky/M_Sky_Panning_Clouds2.uexp" 398
"../../../Engine/Content/EngineSky/SM_SkySphere.ubulk" 399
"../../../Engine/Content/EngineSky/SM_SkySphere.uasset" 400
"../../../Engine/Content/EngineSky/SM_SkySphere.uexp" 401
"../../../Engine/Content/EngineSky/M_SimpleSkyDome.uasset" 402
"../../../Engine/Content/EngineSky/M_SimpleSkyDome.uexp" 403
"../../../Engine/Content/EngineSky/VolumetricClouds/CloudWeatherTexture.uasset" 404
"../../../Engine/Content/EngineSky/VolumetricClouds/CloudWeatherTexture.uexp" 405
"../../../Engine/Content/Functions/Engine_MaterialFunctions02/Utility/MakeFloat2.uasset" 406
"../../../Engine/Content/Functions/Engine_MaterialFunctions02/Utility/MakeFloat2.uexp" 407
"../../../Engine/Content/EngineSky/VolumetricClouds/CloudGradientTexture.uasset" 408
"../../../Engine/Content/EngineSky/VolumetricClouds/CloudGradientTexture.uexp" 409
"../../../Engine/Content/EngineSky/VolumetricClouds/T_NoiseShape64.ubulk" 410
"../../../Engine/Content/EngineSky/VolumetricClouds/T_NoiseShape64.uasset" 411
"../../../Engine/Content/EngineSky/VolumetricClouds/T_NoiseShape64.uexp" 412
"../../../Engine/Content/EngineSky/VolumetricClouds/T_VolumeNoiseShape64.uasset" 413
"../../../Engine/Content/EngineSky/VolumetricClouds/T_VolumeNoiseShape64.uexp" 414
"../../../Engine/Content/EngineSky/VolumetricClouds/T_NoiseErosion.ubulk" 415
"../../../Engine/Content/EngineSky/VolumetricClouds/T_NoiseErosion.uasset" 416
"../../../Engine/Content/EngineSky/VolumetricClouds/T_NoiseErosion.uexp" 417
"../../../Engine/Content/EngineSky/VolumetricClouds/T_VolumeNoiseErosion32.uasset" 418
"../../../Engine/Content/EngineSky/VolumetricClouds/T_VolumeNoiseErosion32.uexp" 419
"../../../Engine/Content/EngineSky/VolumetricClouds/m_SimpleVolumetricCloud.uasset" 420
"../../../Engine/Content/EngineSky/VolumetricClouds/m_SimpleVolumetricCloud.uexp" 421
"../../../Engine/Content/EngineSky/VolumetricClouds/m_SimpleVolumetricCloud_Inst.uasset" 422
"../../../Engine/Content/EngineSky/VolumetricClouds/m_SimpleVolumetricCloud_Inst.uexp" 423
"../../../Engine/Content/EngineSounds/Master.uasset" 424
"../../../Engine/Content/EngineSounds/Master.uexp" 425
"../../../Engine/Content/Functions/Engine_MaterialFunctions01/Shading/PowerToRoughness.uasset" 426
"../../../Engine/Content/Functions/Engine_MaterialFunctions01/Shading/PowerToRoughness.uexp" 427
"../../../Engine/Content/EngineMaterials/FlatNormal.uasset" 428
"../../../Engine/Content/EngineMaterials/FlatNormal.uexp" 429
"../../../Engine/Plugins/Interchange/Runtime/Content/Functions/MF_OrenNayerView.uasset" 430
"../../../Engine/Plugins/Interchange/Runtime/Content/Functions/MF_OrenNayerView.uexp" 431
"../../../Engine/Content/EditorLandscapeResources/WhiteSquareTexture.uasset" 432
"../../../Engine/Content/EditorLandscapeResources/WhiteSquareTexture.uexp" 433
"../../../Engine/Plugins/Interchange/Runtime/Content/Functions/MF_SchlickApprox.uasset" 434
"../../../Engine/Plugins/Interchange/Runtime/Content/Functions/MF_SchlickApprox.uexp" 435
"../../../Engine/Plugins/Interchange/Runtime/Content/Utilities/New_LUT.uasset" 436
"../../../Engine/Plugins/Interchange/Runtime/Content/Utilities/New_LUT.uexp" 437
"../../../Engine/Content/Functions/Engine_MaterialFunctions03/Math/RemapValueRange.uasset" 438
"../../../Engine/Content/Functions/Engine_MaterialFunctions03/Math/RemapValueRange.uexp" 439
"../../../Engine/Plugins/Interchange/Runtime/Content/Functions/MF_Iridescence.uasset" 440
"../../../Engine/Plugins/Interchange/Runtime/Content/Functions/MF_Iridescence.uexp" 441
"../../../Engine/Plugins/Interchange/Runtime/Content/Materials/OrenNayerMaterial.uasset" 442
"../../../Engine/Plugins/Interchange/Runtime/Content/Materials/OrenNayerMaterial.uexp" 443
"../../../Engine/Content/Maps/Templates/HLODs/HLODLayer_Merged.uasset" 444
"../../../Engine/Content/Maps/Templates/HLODs/HLODLayer_Merged.uexp" 445
"../../../Engine/Content/MobileResources/HUD/VirtualJoystick_Background.uasset" 446
"../../../Engine/Content/MobileResources/HUD/VirtualJoystick_Background.uexp" 447
"../../../Engine/Content/MobileResources/HUD/VirtualJoystick_Thumb.uasset" 448
"../../../Engine/Content/MobileResources/HUD/VirtualJoystick_Thumb.uexp" 449
"../../../Engine/Content/MobileResources/HUD/DefaultVirtualJoysticks.uasset" 450
"../../../Engine/Content/MobileResources/HUD/DefaultVirtualJoysticks.uexp" 451
"../../../Engine/Plugins/2D/Paper2D/Content/PlaceholderTextures/DummySpriteTexture.ubulk" 452
"../../../Engine/Plugins/2D/Paper2D/Content/PlaceholderTextures/DummySpriteTexture.uasset" 453
"../../../Engine/Plugins/2D/Paper2D/Content/PlaceholderTextures/DummySpriteTexture.uexp" 454
"../../../Engine/Plugins/2D/Paper2D/Content/DefaultSpriteMaterial.uasset" 455
"../../../Engine/Plugins/2D/Paper2D/Content/DefaultSpriteMaterial.uexp" 456
"../../../Engine/Plugins/2D/Paper2D/Content/OpaqueUnlitSpriteMaterial.uasset" 457
"../../../Engine/Plugins/2D/Paper2D/Content/OpaqueUnlitSpriteMaterial.uexp" 458
"../../../Engine/Plugins/2D/Paper2D/Content/MaskedUnlitSpriteMaterial.uasset" 459
"../../../Engine/Plugins/2D/Paper2D/Content/MaskedUnlitSpriteMaterial.uexp" 460
"../../../Engine/Plugins/2D/Paper2D/Content/DummySprite.uasset" 461
"../../../Engine/Plugins/2D/Paper2D/Content/DummySprite.uexp" 462
"../../../Engine/Plugins/2D/Paper2D/Content/DefaultPaperTerrainMaterial.uasset" 463
"../../../Engine/Plugins/2D/Paper2D/Content/DefaultPaperTerrainMaterial.uexp" 464
"../../../Engine/Plugins/Interchange/Runtime/Content/Pipelines/DefaultAssetsPipeline.uasset" 465
"../../../Engine/Plugins/Interchange/Runtime/Content/Pipelines/DefaultAssetsPipeline.uexp" 466
"../../../Engine/Plugins/Animation/ControlRig/Content/M_Manip.uasset" 467
"../../../Engine/Plugins/Animation/ControlRig/Content/M_Manip.uexp" 468
"../../../Engine/Plugins/Animation/ControlRig/Content/Controls/DefaultGizmoLibraryNormalized.uasset" 469
"../../../Engine/Plugins/Animation/ControlRig/Content/Controls/DefaultGizmoLibraryNormalized.uexp" 470
"../../../Engine/Plugins/Animation/ControlRig/Content/Controls/ControlRig_Wedge_solid.ubulk" 471
"../../../Engine/Plugins/Animation/ControlRig/Content/Controls/ControlRig_Wedge_solid.uasset" 472
"../../../Engine/Plugins/Animation/ControlRig/Content/Controls/ControlRig_Wedge_solid.uexp" 473
"../../../Engine/Plugins/Animation/ControlRig/Content/Controls/ControlRig_Wedge_3mm.ubulk" 474
"../../../Engine/Plugins/Animation/ControlRig/Content/Controls/ControlRig_Wedge_3mm.uasset" 475
"../../../Engine/Plugins/Animation/ControlRig/Content/Controls/ControlRig_Wedge_3mm.uexp" 476
"../../../Engine/Plugins/Animation/ControlRig/Content/Controls/ControlRig_Wedge_1mm.ubulk" 477
"../../../Engine/Plugins/Animation/ControlRig/Content/Controls/ControlRig_Wedge_1mm.uasset" 478
"../../../Engine/Plugins/Animation/ControlRig/Content/Controls/ControlRig_Wedge_1mm.uexp" 479
"../../../Engine/Plugins/Animation/ControlRig/Content/Controls/ControlRig_Triangle_solid.ubulk" 480
"../../../Engine/Plugins/Animation/ControlRig/Content/Controls/ControlRig_Triangle_solid.uasset" 481
"../../../Engine/Plugins/Animation/ControlRig/Content/Controls/ControlRig_Triangle_solid.uexp" 482
"../../../Engine/Plugins/Animation/ControlRig/Content/Controls/ControlRig_Triangle_3mm.ubulk" 483
"../../../Engine/Plugins/Animation/ControlRig/Content/Controls/ControlRig_Triangle_3mm.uasset" 484
"../../../Engine/Plugins/Animation/ControlRig/Content/Controls/ControlRig_Triangle_3mm.uexp" 485
"../../../Engine/Plugins/Animation/ControlRig/Content/Controls/ControlRig_Triangle_1mm.ubulk" 486
"../../../Engine/Plugins/Animation/ControlRig/Content/Controls/ControlRig_Triangle_1mm.uasset" 487
"../../../Engine/Plugins/Animation/ControlRig/Content/Controls/ControlRig_Triangle_1mm.uexp" 488
"../../../Engine/Plugins/Animation/ControlRig/Content/Controls/ControlRig_Star4_solid.ubulk" 489
"../../../Engine/Plugins/Animation/ControlRig/Content/Controls/ControlRig_Star4_solid.uasset" 490
"../../../Engine/Plugins/Animation/ControlRig/Content/Controls/ControlRig_Star4_solid.uexp" 491
"../../../Engine/Plugins/Animation/ControlRig/Content/Controls/ControlRig_Star4_3mm.ubulk" 492
"../../../Engine/Plugins/Animation/ControlRig/Content/Controls/ControlRig_Star4_3mm.uasset" 493
"../../../Engine/Plugins/Animation/ControlRig/Content/Controls/ControlRig_Star4_3mm.uexp" 494
"../../../Engine/Plugins/Animation/ControlRig/Content/Controls/ControlRig_Star4_1mm.ubulk" 495
"../../../Engine/Plugins/Animation/ControlRig/Content/Controls/ControlRig_Star4_1mm.uasset" 496
"../../../Engine/Plugins/Animation/ControlRig/Content/Controls/ControlRig_Star4_1mm.uexp" 497
"../../../Engine/Plugins/Animation/ControlRig/Content/Controls/ControlRig_Square_solid.ubulk" 498
"../../../Engine/Plugins/Animation/ControlRig/Content/Controls/ControlRig_Square_solid.uasset" 499
"../../../Engine/Plugins/Animation/ControlRig/Content/Controls/ControlRig_Square_solid.uexp" 500
"../../../Engine/Plugins/Animation/ControlRig/Content/Controls/ControlRig_Square_3mm.ubulk" 501
"../../../Engine/Plugins/Animation/ControlRig/Content/Controls/ControlRig_Square_3mm.uasset" 502
"../../../Engine/Plugins/Animation/ControlRig/Content/Controls/ControlRig_Square_3mm.uexp" 503
"../../../Engine/Plugins/Animation/ControlRig/Content/Controls/ControlRig_Square_1mm.ubulk" 504
"../../../Engine/Plugins/Animation/ControlRig/Content/Controls/ControlRig_Square_1mm.uasset" 505
"../../../Engine/Plugins/Animation/ControlRig/Content/Controls/ControlRig_Square_1mm.uexp" 506
"../../../Engine/Plugins/Animation/ControlRig/Content/Controls/ControlRig_Sphere_solid.ubulk" 507
"../../../Engine/Plugins/Animation/ControlRig/Content/Controls/ControlRig_Sphere_solid.uasset" 508
"../../../Engine/Plugins/Animation/ControlRig/Content/Controls/ControlRig_Sphere_solid.uexp" 509
"../../../Engine/Plugins/Animation/ControlRig/Content/Controls/ControlRig_Sphere_3mm.ubulk" 510
"../../../Engine/Plugins/Animation/ControlRig/Content/Controls/ControlRig_Sphere_3mm.uasset" 511
"../../../Engine/Plugins/Animation/ControlRig/Content/Controls/ControlRig_Sphere_3mm.uexp" 512
"../../../Engine/Plugins/Animation/ControlRig/Content/Controls/ControlRig_Sphere_1mm.ubulk" 513
"../../../Engine/Plugins/Animation/ControlRig/Content/Controls/ControlRig_Sphere_1mm.uasset" 514
"../../../Engine/Plugins/Animation/ControlRig/Content/Controls/ControlRig_Sphere_1mm.uexp" 515
"../../../Engine/Plugins/Animation/ControlRig/Content/Controls/ControlRig_RoundedTriangle_solid.ubulk" 516
"../../../Engine/Plugins/Animation/ControlRig/Content/Controls/ControlRig_RoundedTriangle_solid.uasset" 517
"../../../Engine/Plugins/Animation/ControlRig/Content/Controls/ControlRig_RoundedTriangle_solid.uexp" 518
"../../../Engine/Plugins/Animation/ControlRig/Content/Controls/ControlRig_RoundedTriangle_3mm.ubulk" 519
"../../../Engine/Plugins/Animation/ControlRig/Content/Controls/ControlRig_RoundedTriangle_3mm.uasset" 520
"../../../Engine/Plugins/Animation/ControlRig/Content/Controls/ControlRig_RoundedTriangle_3mm.uexp" 521
"../../../Engine/Plugins/Animation/ControlRig/Content/Controls/ControlRig_RoundedTriangle_1mm.ubulk" 522
"../../../Engine/Plugins/Animation/ControlRig/Content/Controls/ControlRig_RoundedTriangle_1mm.uasset" 523
"../../../Engine/Plugins/Animation/ControlRig/Content/Controls/ControlRig_RoundedTriangle_1mm.uexp" 524
"../../../Engine/Plugins/Animation/ControlRig/Content/Controls/ControlRig_RoundedSquare_solid.ubulk" 525
"../../../Engine/Plugins/Animation/ControlRig/Content/Controls/ControlRig_RoundedSquare_solid.uasset" 526
"../../../Engine/Plugins/Animation/ControlRig/Content/Controls/ControlRig_RoundedSquare_solid.uexp" 527
"../../../Engine/Plugins/Animation/ControlRig/Content/Controls/ControlRig_RoundedSquare_3mm.ubulk" 528
"../../../Engine/Plugins/Animation/ControlRig/Content/Controls/ControlRig_RoundedSquare_3mm.uasset" 529
"../../../Engine/Plugins/Animation/ControlRig/Content/Controls/ControlRig_RoundedSquare_3mm.uexp" 530
"../../../Engine/Plugins/Animation/ControlRig/Content/Controls/ControlRig_RoundedSquare_1mm.ubulk" 531
"../../../Engine/Plugins/Animation/ControlRig/Content/Controls/ControlRig_RoundedSquare_1mm.uasset" 532
"../../../Engine/Plugins/Animation/ControlRig/Content/Controls/ControlRig_RoundedSquare_1mm.uexp" 533
"../../../Engine/Plugins/Animation/ControlRig/Content/Controls/ControlRig_QuarterCircle_solid.ubulk" 534
"../../../Engine/Plugins/Animation/ControlRig/Content/Controls/ControlRig_QuarterCircle_solid.uasset" 535
"../../../Engine/Plugins/Animation/ControlRig/Content/Controls/ControlRig_QuarterCircle_solid.uexp" 536
"../../../Engine/Plugins/Animation/ControlRig/Content/Controls/ControlRig_QuarterCircle_3mm.ubulk" 537
"../../../Engine/Plugins/Animation/ControlRig/Content/Controls/ControlRig_QuarterCircle_3mm.uasset" 538
"../../../Engine/Plugins/Animation/ControlRig/Content/Controls/ControlRig_QuarterCircle_3mm.uexp" 539
"../../../Engine/Plugins/Animation/ControlRig/Content/Controls/ControlRig_QuarterCircle_1mm.ubulk" 540
"../../../Engine/Plugins/Animation/ControlRig/Content/Controls/ControlRig_QuarterCircle_1mm.uasset" 541
"../../../Engine/Plugins/Animation/ControlRig/Content/Controls/ControlRig_QuarterCircle_1mm.uexp" 542
"../../../Engine/Plugins/Animation/ControlRig/Content/Controls/ControlRig_Pyramid_solid.ubulk" 543
"../../../Engine/Plugins/Animation/ControlRig/Content/Controls/ControlRig_Pyramid_solid.uasset" 544
"../../../Engine/Plugins/Animation/ControlRig/Content/Controls/ControlRig_Pyramid_solid.uexp" 545
"../../../Engine/Plugins/Animation/ControlRig/Content/Controls/ControlRig_Pyramid_3mm.ubulk" 546
"../../../Engine/Plugins/Animation/ControlRig/Content/Controls/ControlRig_Pyramid_3mm.uasset" 547
"../../../Engine/Plugins/Animation/ControlRig/Content/Controls/ControlRig_Pyramid_3mm.uexp" 548
"../../../Engine/Plugins/Animation/ControlRig/Content/Controls/ControlRig_Pyramid_1mm.ubulk" 549
"../../../Engine/Plugins/Animation/ControlRig/Content/Controls/ControlRig_Pyramid_1mm.uasset" 550
"../../../Engine/Plugins/Animation/ControlRig/Content/Controls/ControlRig_Pyramid_1mm.uexp" 551
"../../../Engine/Plugins/Animation/ControlRig/Content/Controls/ControlRig_Octagon_solid.ubulk" 552
"../../../Engine/Plugins/Animation/ControlRig/Content/Controls/ControlRig_Octagon_solid.uasset" 553
"../../../Engine/Plugins/Animation/ControlRig/Content/Controls/ControlRig_Octagon_solid.uexp" 554
"../../../Engine/Plugins/Animation/ControlRig/Content/Controls/ControlRig_Octagon_3mm.ubulk" 555
"../../../Engine/Plugins/Animation/ControlRig/Content/Controls/ControlRig_Octagon_3mm.uasset" 556
"../../../Engine/Plugins/Animation/ControlRig/Content/Controls/ControlRig_Octagon_3mm.uexp" 557
"../../../Engine/Plugins/Animation/ControlRig/Content/Controls/ControlRig_Octagon_1mm.ubulk" 558
"../../../Engine/Plugins/Animation/ControlRig/Content/Controls/ControlRig_Octagon_1mm.uasset" 559
"../../../Engine/Plugins/Animation/ControlRig/Content/Controls/ControlRig_Octagon_1mm.uexp" 560
"../../../Engine/Plugins/Animation/ControlRig/Content/Controls/ControlRig_Hexagon_solid.ubulk" 561
"../../../Engine/Plugins/Animation/ControlRig/Content/Controls/ControlRig_Hexagon_solid.uasset" 562
"../../../Engine/Plugins/Animation/ControlRig/Content/Controls/ControlRig_Hexagon_solid.uexp" 563
"../../../Engine/Plugins/Animation/ControlRig/Content/Controls/ControlRig_Hexagon_3mm.ubulk" 564
"../../../Engine/Plugins/Animation/ControlRig/Content/Controls/ControlRig_Hexagon_3mm.uasset" 565
"../../../Engine/Plugins/Animation/ControlRig/Content/Controls/ControlRig_Hexagon_3mm.uexp" 566
"../../../Engine/Plugins/Animation/ControlRig/Content/Controls/ControlRig_Hexagon_1mm.ubulk" 567
"../../../Engine/Plugins/Animation/ControlRig/Content/Controls/ControlRig_Hexagon_1mm.uasset" 568
"../../../Engine/Plugins/Animation/ControlRig/Content/Controls/ControlRig_Hexagon_1mm.uexp" 569
"../../../Engine/Plugins/Animation/ControlRig/Content/Controls/ControlRig_HalfCircle_solid.ubulk" 570
"../../../Engine/Plugins/Animation/ControlRig/Content/Controls/ControlRig_HalfCircle_solid.uasset" 571
"../../../Engine/Plugins/Animation/ControlRig/Content/Controls/ControlRig_HalfCircle_solid.uexp" 572
"../../../Engine/Plugins/Animation/ControlRig/Content/Controls/ControlRig_HalfCircle_3mm.ubulk" 573
"../../../Engine/Plugins/Animation/ControlRig/Content/Controls/ControlRig_HalfCircle_3mm.uasset" 574
"../../../Engine/Plugins/Animation/ControlRig/Content/Controls/ControlRig_HalfCircle_3mm.uexp" 575
"../../../Engine/Plugins/Animation/ControlRig/Content/Controls/ControlRig_HalfCircle_1mm.ubulk" 576
"../../../Engine/Plugins/Animation/ControlRig/Content/Controls/ControlRig_HalfCircle_1mm.uasset" 577
"../../../Engine/Plugins/Animation/ControlRig/Content/Controls/ControlRig_HalfCircle_1mm.uexp" 578
"../../../Engine/Plugins/Animation/ControlRig/Content/Controls/ControlRig_Diamond_solid.ubulk" 579
"../../../Engine/Plugins/Animation/ControlRig/Content/Controls/ControlRig_Diamond_solid.uasset" 580
"../../../Engine/Plugins/Animation/ControlRig/Content/Controls/ControlRig_Diamond_solid.uexp" 581
"../../../Engine/Plugins/Animation/ControlRig/Content/Controls/ControlRig_Diamond_3mm.ubulk" 582
"../../../Engine/Plugins/Animation/ControlRig/Content/Controls/ControlRig_Diamond_3mm.uasset" 583
"../../../Engine/Plugins/Animation/ControlRig/Content/Controls/ControlRig_Diamond_3mm.uexp" 584
"../../../Engine/Plugins/Animation/ControlRig/Content/Controls/ControlRig_Diamond_1mm.ubulk" 585
"../../../Engine/Plugins/Animation/ControlRig/Content/Controls/ControlRig_Diamond_1mm.uasset" 586
"../../../Engine/Plugins/Animation/ControlRig/Content/Controls/ControlRig_Diamond_1mm.uexp" 587
"../../../Engine/Plugins/Animation/ControlRig/Content/Controls/ControlRig_Circle_solid.ubulk" 588
"../../../Engine/Plugins/Animation/ControlRig/Content/Controls/ControlRig_Circle_solid.uasset" 589
"../../../Engine/Plugins/Animation/ControlRig/Content/Controls/ControlRig_Circle_solid.uexp" 590
"../../../Engine/Plugins/Animation/ControlRig/Content/Controls/ControlRig_Circle_3mm.ubulk" 591
"../../../Engine/Plugins/Animation/ControlRig/Content/Controls/ControlRig_Circle_3mm.uasset" 592
"../../../Engine/Plugins/Animation/ControlRig/Content/Controls/ControlRig_Circle_3mm.uexp" 593
"../../../Engine/Plugins/Animation/ControlRig/Content/Controls/ControlRig_Circle_1mm.ubulk" 594
"../../../Engine/Plugins/Animation/ControlRig/Content/Controls/ControlRig_Circle_1mm.uasset" 595
"../../../Engine/Plugins/Animation/ControlRig/Content/Controls/ControlRig_Circle_1mm.uexp" 596
"../../../Engine/Plugins/Animation/ControlRig/Content/Controls/ControlRig_Box_solid.ubulk" 597
"../../../Engine/Plugins/Animation/ControlRig/Content/Controls/ControlRig_Box_solid.uasset" 598
"../../../Engine/Plugins/Animation/ControlRig/Content/Controls/ControlRig_Box_solid.uexp" 599
"../../../Engine/Plugins/Animation/ControlRig/Content/Controls/ControlRig_Box_3mm.ubulk" 600
"../../../Engine/Plugins/Animation/ControlRig/Content/Controls/ControlRig_Box_3mm.uasset" 601
"../../../Engine/Plugins/Animation/ControlRig/Content/Controls/ControlRig_Box_3mm.uexp" 602
"../../../Engine/Plugins/Animation/ControlRig/Content/Controls/ControlRig_Box_1mm.ubulk" 603
"../../../Engine/Plugins/Animation/ControlRig/Content/Controls/ControlRig_Box_1mm.uasset" 604
"../../../Engine/Plugins/Animation/ControlRig/Content/Controls/ControlRig_Box_1mm.uexp" 605
"../../../Engine/Plugins/Animation/ControlRig/Content/Controls/ControlRig_Arrow_solid.ubulk" 606
"../../../Engine/Plugins/Animation/ControlRig/Content/Controls/ControlRig_Arrow_solid.uasset" 607
"../../../Engine/Plugins/Animation/ControlRig/Content/Controls/ControlRig_Arrow_solid.uexp" 608
"../../../Engine/Plugins/Animation/ControlRig/Content/Controls/ControlRig_Arrow_3mm.ubulk" 609
"../../../Engine/Plugins/Animation/ControlRig/Content/Controls/ControlRig_Arrow_3mm.uasset" 610
"../../../Engine/Plugins/Animation/ControlRig/Content/Controls/ControlRig_Arrow_3mm.uexp" 611
"../../../Engine/Plugins/Animation/ControlRig/Content/Controls/ControlRig_Arrow_1mm.ubulk" 612
"../../../Engine/Plugins/Animation/ControlRig/Content/Controls/ControlRig_Arrow_1mm.uasset" 613
"../../../Engine/Plugins/Animation/ControlRig/Content/Controls/ControlRig_Arrow_1mm.uexp" 614
"../../../Engine/Plugins/Animation/ControlRig/Content/Controls/ControlRig_Arrow4_solid.ubulk" 615
"../../../Engine/Plugins/Animation/ControlRig/Content/Controls/ControlRig_Arrow4_solid.uasset" 616
"../../../Engine/Plugins/Animation/ControlRig/Content/Controls/ControlRig_Arrow4_solid.uexp" 617
"../../../Engine/Plugins/Animation/ControlRig/Content/Controls/ControlRig_Arrow4_3mm.ubulk" 618
"../../../Engine/Plugins/Animation/ControlRig/Content/Controls/ControlRig_Arrow4_3mm.uasset" 619
"../../../Engine/Plugins/Animation/ControlRig/Content/Controls/ControlRig_Arrow4_3mm.uexp" 620
"../../../Engine/Plugins/Animation/ControlRig/Content/Controls/ControlRig_Arrow4_1mm.ubulk" 621
"../../../Engine/Plugins/Animation/ControlRig/Content/Controls/ControlRig_Arrow4_1mm.uasset" 622
"../../../Engine/Plugins/Animation/ControlRig/Content/Controls/ControlRig_Arrow4_1mm.uexp" 623
"../../../Engine/Plugins/Animation/ControlRig/Content/Controls/ControlRig_Arrow2_solid.ubulk" 624
"../../../Engine/Plugins/Animation/ControlRig/Content/Controls/ControlRig_Arrow2_solid.uasset" 625
"../../../Engine/Plugins/Animation/ControlRig/Content/Controls/ControlRig_Arrow2_solid.uexp" 626
"../../../Engine/Plugins/Animation/ControlRig/Content/Controls/ControlRig_Arrow2_3mm.ubulk" 627
"../../../Engine/Plugins/Animation/ControlRig/Content/Controls/ControlRig_Arrow2_3mm.uasset" 628
"../../../Engine/Plugins/Animation/ControlRig/Content/Controls/ControlRig_Arrow2_3mm.uexp" 629
"../../../Engine/Plugins/Animation/ControlRig/Content/Controls/ControlRig_Arrow2_1mm.ubulk" 630
"../../../Engine/Plugins/Animation/ControlRig/Content/Controls/ControlRig_Arrow2_1mm.uasset" 631
"../../../Engine/Plugins/Animation/ControlRig/Content/Controls/ControlRig_Arrow2_1mm.uexp" 632
"../../../Engine/Plugins/Animation/ControlRig/Content/Controls/ControlRigXRayMaterial.uasset" 633
"../../../Engine/Plugins/Animation/ControlRig/Content/Controls/ControlRigXRayMaterial.uexp" 634
"../../../Engine/Plugins/Animation/ControlRig/Content/Controls/ControlRigGizmoMaterial.uasset" 635
"../../../Engine/Plugins/Animation/ControlRig/Content/Controls/ControlRigGizmoMaterial.uexp" 636
"../../../Engine/Plugins/Editor/SpeedTreeImporter/Content/SpeedTree9/game_wind_noise.ubulk" 637
"../../../Engine/Plugins/Editor/SpeedTreeImporter/Content/SpeedTree9/game_wind_noise.uasset" 638
"../../../Engine/Plugins/Editor/SpeedTreeImporter/Content/SpeedTree9/game_wind_noise.uexp" 639
"../../../Engine/Plugins/Editor/SpeedTreeImporter/Content/SpeedTree9/UnpackDirection.uasset" 640
"../../../Engine/Plugins/Editor/SpeedTreeImporter/Content/SpeedTree9/UnpackDirection.uexp" 641
"../../../Engine/Content/Functions/Engine_MaterialFunctions02/ObjectLocalBounds.uasset" 642
"../../../Engine/Content/Functions/Engine_MaterialFunctions02/ObjectLocalBounds.uexp" 643
"../../../Engine/Content/Functions/Engine_MaterialFunctions02/UVs/BoundingBoxBased_0-1_UVW.uasset" 644
"../../../Engine/Content/Functions/Engine_MaterialFunctions02/UVs/BoundingBoxBased_0-1_UVW.uexp" 645
"../../../Engine/Content/Functions/Engine_MaterialFunctions02/Utility/VectorLength.uasset" 646
"../../../Engine/Content/Functions/Engine_MaterialFunctions02/Utility/VectorLength.uexp" 647
"../../../Engine/Plugins/Editor/SpeedTreeImporter/Content/SpeedTree9/UnpackInteger3.uasset" 648
"../../../Engine/Plugins/Editor/SpeedTreeImporter/Content/SpeedTree9/UnpackInteger3.uexp" 649
"../../../Engine/Plugins/Editor/SpeedTreeImporter/Content/SpeedTree9/SpeedTreeCameraFacing.uasset" 650
"../../../Engine/Plugins/Editor/SpeedTreeImporter/Content/SpeedTree9/SpeedTreeCameraFacing.uexp" 651
"../../../Engine/Content/Functions/Engine_MaterialFunctions02/WorldPositionOffset/ObjectScale.uasset" 652
"../../../Engine/Content/Functions/Engine_MaterialFunctions02/WorldPositionOffset/ObjectScale.uexp" 653
"../../../Engine/Content/Functions/Engine_MaterialFunctions02/SafeNormalize.uasset" 654
"../../../Engine/Content/Functions/Engine_MaterialFunctions02/SafeNormalize.uexp" 655
"../../../Engine/Plugins/Editor/SpeedTreeImporter/Content/SpeedTree9/SpeedTreeWindMotion.uasset" 656
"../../../Engine/Plugins/Editor/SpeedTreeImporter/Content/SpeedTree9/SpeedTreeWindMotion.uexp" 657
"../../../Engine/Plugins/Editor/SpeedTreeImporter/Content/SpeedTree9/SpeedTreeBranchMotion.uasset" 658
"../../../Engine/Plugins/Editor/SpeedTreeImporter/Content/SpeedTree9/SpeedTreeBranchMotion.uexp" 659
"../../../Engine/Plugins/Editor/SpeedTreeImporter/Content/SpeedTree9/SpeedTreeWind.uasset" 660
"../../../Engine/Plugins/Editor/SpeedTreeImporter/Content/SpeedTree9/SpeedTreeWind.uexp" 661
"../../../Engine/Plugins/Editor/SpeedTreeImporter/Content/SpeedTree9/EmptyNormal.uasset" 662
"../../../Engine/Plugins/Editor/SpeedTreeImporter/Content/SpeedTree9/EmptyNormal.uexp" 663
"../../../Engine/Plugins/Editor/SpeedTreeImporter/Content/SpeedTree9/Empty.uasset" 664
"../../../Engine/Plugins/Editor/SpeedTreeImporter/Content/SpeedTree9/Empty.uexp" 665
"../../../Engine/Plugins/Editor/SpeedTreeImporter/Content/SpeedTree9/SpeedTreeMaster.uasset" 666
"../../../Engine/Plugins/Editor/SpeedTreeImporter/Content/SpeedTree9/SpeedTreeMaster.uexp" 667
"../../../Engine/Plugins/Editor/SpeedTreeImporter/Content/SpeedTree9/SpeedTreeBillboard.uasset" 668
"../../../Engine/Plugins/Editor/SpeedTreeImporter/Content/SpeedTree9/SpeedTreeBillboard.uexp" 669
"../../../Engine/Plugins/Editor/SpeedTreeImporter/Content/SpeedTree9/SpeedTreeBillboardMaster.uasset" 670
"../../../Engine/Plugins/Editor/SpeedTreeImporter/Content/SpeedTree9/SpeedTreeBillboardMaster.uexp" 671
"../../../Engine/Plugins/Interchange/Runtime/Content/Pipelines/DefaultSceneAssetsPipeline.uasset" 672
"../../../Engine/Plugins/Interchange/Runtime/Content/Pipelines/DefaultSceneAssetsPipeline.uexp" 673
"../../../Engine/Plugins/Interchange/Runtime/Content/Pipelines/DefaultMaterialPipeline.uasset" 674
"../../../Engine/Plugins/Interchange/Runtime/Content/Pipelines/DefaultMaterialPipeline.uexp" 675
"../../../Engine/Content/Functions/Engine_MaterialFunctions02/Texturing/CustomRotator.uasset" 676
"../../../Engine/Content/Functions/Engine_MaterialFunctions02/Texturing/CustomRotator.uexp" 677
"../../../Engine/Content/Functions/Engine_MaterialFunctions02/Texturing/ScreenAlignedPixelToPixelUVs.uasset" 678
"../../../Engine/Content/Functions/Engine_MaterialFunctions02/Texturing/ScreenAlignedPixelToPixelUVs.uexp" 679
"../../../Engine/Plugins/Interchange/Runtime/Content/Utilities/T_Bayer64_Grayscale_64px.uasset" 680
"../../../Engine/Plugins/Interchange/Runtime/Content/Utilities/T_Bayer64_Grayscale_64px.uexp" 681
"../../../Engine/Plugins/Interchange/Runtime/Content/gltf/MaterialFunctions/MF_Temporal_Blur.uasset" 682
"../../../Engine/Plugins/Interchange/Runtime/Content/gltf/MaterialFunctions/MF_Temporal_Blur.uexp" 683
"../../../Engine/Plugins/Interchange/Runtime/Content/gltf/MaterialFunctions/MF_Fresnel_DS.uasset" 684
"../../../Engine/Plugins/Interchange/Runtime/Content/gltf/MaterialFunctions/MF_Fresnel_DS.uexp" 685
"../../../Engine/Plugins/Interchange/Runtime/Content/Functions/MX_Transmission.uasset" 686
"../../../Engine/Plugins/Interchange/Runtime/Content/Functions/MX_Transmission.uexp" 687
"../../../Engine/Plugins/Interchange/Runtime/Content/Functions/MX_StandardSurface.uasset" 688
"../../../Engine/Plugins/Interchange/Runtime/Content/Functions/MX_StandardSurface.uexp" 689
"../../../Engine/Plugins/Interchange/Runtime/Content/Functions/MX_TransmissionSurface.uasset" 690
"../../../Engine/Plugins/Interchange/Runtime/Content/Functions/MX_TransmissionSurface.uexp" 691
"../../../Engine/Content/Functions/Engine_MaterialFunctions02/Math/AddComponents.uasset" 692
"../../../Engine/Content/Functions/Engine_MaterialFunctions02/Math/AddComponents.uexp" 693
"../../../Engine/Content/Functions/Engine_MaterialFunctions02/WorldPositionOffset/V2/ObjectScale.uasset" 694
"../../../Engine/Content/Functions/Engine_MaterialFunctions02/WorldPositionOffset/V2/ObjectScale.uexp" 695
"../../../Engine/Plugins/Interchange/Runtime/Content/gltf/MaterialFunctions/MF_TransmissionOpacity.uasset" 696
"../../../Engine/Plugins/Interchange/Runtime/Content/gltf/MaterialFunctions/MF_TransmissionOpacity.uexp" 697
"../../../Engine/Plugins/Interchange/Runtime/Content/gltf/MaterialFunctions/MF_RotateV2.uasset" 698
"../../../Engine/Plugins/Interchange/Runtime/Content/gltf/MaterialFunctions/MF_RotateV2.uexp" 699
"../../../Engine/Plugins/Interchange/Runtime/Content/gltf/MaterialFunctions/MF_TransformUVs.uasset" 700
"../../../Engine/Plugins/Interchange/Runtime/Content/gltf/MaterialFunctions/MF_TransformUVs.uexp" 701
"../../../Engine/Plugins/Interchange/Runtime/Content/gltf/Textures/T_White_srgb.uasset" 702
"../../../Engine/Plugins/Interchange/Runtime/Content/gltf/Textures/T_White_srgb.uexp" 703
"../../../Engine/Plugins/Interchange/Runtime/Content/gltf/MaterialFunctions/MF_BaseColor.uasset" 704
"../../../Engine/Plugins/Interchange/Runtime/Content/gltf/MaterialFunctions/MF_BaseColor.uexp" 705
"../../../Engine/Plugins/Interchange/Runtime/Content/gltf/MaterialFunctions/MF_DiffuseSpecGloss.uasset" 706
"../../../Engine/Plugins/Interchange/Runtime/Content/gltf/MaterialFunctions/MF_DiffuseSpecGloss.uexp" 707
"../../../Engine/Plugins/Interchange/Runtime/Content/gltf/Textures/T_White_Linear.uasset" 708
"../../../Engine/Plugins/Interchange/Runtime/Content/gltf/Textures/T_White_Linear.uexp" 709
"../../../Engine/Plugins/Interchange/Runtime/Content/gltf/MaterialFunctions/MF_MetallicRoughness.uasset" 710
"../../../Engine/Plugins/Interchange/Runtime/Content/gltf/MaterialFunctions/MF_MetallicRoughness.uexp" 711
"../../../Engine/Plugins/Interchange/Runtime/Content/gltf/MaterialFunctions/MF_Transmission.uasset" 712
"../../../Engine/Plugins/Interchange/Runtime/Content/gltf/MaterialFunctions/MF_Transmission.uexp" 713
"../../../Engine/Plugins/Interchange/Runtime/Content/gltf/MaterialFunctions/MF_Occlusion.uasset" 714
"../../../Engine/Plugins/Interchange/Runtime/Content/gltf/MaterialFunctions/MF_Occlusion.uexp" 715
"../../../Engine/Plugins/Interchange/Runtime/Content/gltf/MaterialFunctions/MF_Specular.uasset" 716
"../../../Engine/Plugins/Interchange/Runtime/Content/gltf/MaterialFunctions/MF_Specular.uexp" 717
"../../../Engine/Plugins/Interchange/Runtime/Content/gltf/MaterialFunctions/MF_IOR.uasset" 718
"../../../Engine/Plugins/Interchange/Runtime/Content/gltf/MaterialFunctions/MF_IOR.uexp" 719
"../../../Engine/Content/Functions/Engine_MaterialFunctions01/Texturing/FlattenNormal.uasset" 720
"../../../Engine/Content/Functions/Engine_MaterialFunctions01/Texturing/FlattenNormal.uexp" 721
"../../../Engine/Content/Functions/Engine_MaterialFunctions02/Math/Transform3x3Matrix.uasset" 722
"../../../Engine/Content/Functions/Engine_MaterialFunctions02/Math/Transform3x3Matrix.uexp" 723
"../../../Engine/Plugins/Interchange/Runtime/Content/gltf/MaterialFunctions/MF_RotateNormals_TS.uasset" 724
"../../../Engine/Plugins/Interchange/Runtime/Content/gltf/MaterialFunctions/MF_RotateNormals_TS.uexp" 725
"../../../Engine/Plugins/Interchange/Runtime/Content/gltf/Textures/T_Generic_N.uasset" 726
"../../../Engine/Plugins/Interchange/Runtime/Content/gltf/Textures/T_Generic_N.uexp" 727
"../../../Engine/Plugins/Interchange/Runtime/Content/gltf/MaterialFunctions/MF_Normals.uasset" 728
"../../../Engine/Plugins/Interchange/Runtime/Content/gltf/MaterialFunctions/MF_Normals.uexp" 729
"../../../Engine/Plugins/Interchange/Runtime/Content/gltf/MaterialFunctions/MF_PerceivedBrightness.uasset" 730
"../../../Engine/Plugins/Interchange/Runtime/Content/gltf/MaterialFunctions/MF_PerceivedBrightness.uexp" 731
"../../../Engine/Plugins/Interchange/Runtime/Content/gltf/MaterialFunctions/MF_SpecGlossToMetalRoughness.uasset" 732
"../../../Engine/Plugins/Interchange/Runtime/Content/gltf/MaterialFunctions/MF_SpecGlossToMetalRoughness.uexp" 733
"../../../Engine/Plugins/Interchange/Runtime/Content/gltf/M_Transmission.uasset" 734
"../../../Engine/Plugins/Interchange/Runtime/Content/gltf/M_Transmission.uexp" 735
"../../../Engine/Plugins/Interchange/Runtime/Content/gltf/MaterialInstances_MR/MI_Transmission_TS.uasset" 736
"../../../Engine/Plugins/Interchange/Runtime/Content/gltf/MaterialInstances_MR/MI_Transmission_TS.uexp" 737
"../../../Engine/Plugins/Interchange/Runtime/Content/gltf/MaterialInstances_MR/MI_Transmission.uasset" 738
"../../../Engine/Plugins/Interchange/Runtime/Content/gltf/MaterialInstances_MR/MI_Transmission.uexp" 739
"../../../Engine/Plugins/Interchange/Runtime/Content/gltf/MaterialFunctions/MF_Clearcoat.uasset" 740
"../../../Engine/Plugins/Interchange/Runtime/Content/gltf/MaterialFunctions/MF_Clearcoat.uexp" 741
"../../../Engine/Plugins/Interchange/Runtime/Content/gltf/MaterialFunctions/MF_Emissive.uasset" 742
"../../../Engine/Plugins/Interchange/Runtime/Content/gltf/MaterialFunctions/MF_Emissive.uexp" 743
"../../../Engine/Plugins/Interchange/Runtime/Content/gltf/M_Translucent.uasset" 744
"../../../Engine/Plugins/Interchange/Runtime/Content/gltf/M_Translucent.uexp" 745
"../../../Engine/Plugins/Interchange/Runtime/Content/gltf/MaterialInstances_MR/MI_Translucent_TS.uasset" 746
"../../../Engine/Plugins/Interchange/Runtime/Content/gltf/MaterialInstances_MR/MI_Translucent_TS.uexp" 747
"../../../Engine/Plugins/Interchange/Runtime/Content/gltf/MaterialInstances_MR/MI_Translucent_ClearCoat_TS.uasset" 748
"../../../Engine/Plugins/Interchange/Runtime/Content/gltf/MaterialInstances_MR/MI_Translucent_ClearCoat_TS.uexp" 749
"../../../Engine/Plugins/Interchange/Runtime/Content/gltf/MaterialInstances_MR/MI_Translucent_ClearCoat.uasset" 750
"../../../Engine/Plugins/Interchange/Runtime/Content/gltf/MaterialInstances_MR/MI_Translucent_ClearCoat.uexp" 751
"../../../Engine/Plugins/Interchange/Runtime/Content/gltf/MaterialInstances_MR/MI_Translucent.uasset" 752
"../../../Engine/Plugins/Interchange/Runtime/Content/gltf/MaterialInstances_MR/MI_Translucent.uexp" 753
"../../../Engine/Plugins/Interchange/Runtime/Content/gltf/M_Unlit.uasset" 754
"../../../Engine/Plugins/Interchange/Runtime/Content/gltf/M_Unlit.uexp" 755
"../../../Engine/Plugins/Interchange/Runtime/Content/gltf/MaterialInstances_MR/MI_Opaque_Unlit_TS.uasset" 756
"../../../Engine/Plugins/Interchange/Runtime/Content/gltf/MaterialInstances_MR/MI_Opaque_Unlit_TS.uexp" 757
"../../../Engine/Plugins/Interchange/Runtime/Content/gltf/MaterialInstances_MR/MI_Opaque_Unlit.uasset" 758
"../../../Engine/Plugins/Interchange/Runtime/Content/gltf/MaterialInstances_MR/MI_Opaque_Unlit.uexp" 759
"../../../Engine/Plugins/Interchange/Runtime/Content/gltf/M_Opaque.uasset" 760
"../../../Engine/Plugins/Interchange/Runtime/Content/gltf/M_Opaque.uexp" 761
"../../../Engine/Plugins/Interchange/Runtime/Content/gltf/MaterialInstances_MR/MI_Opaque_TS.uasset" 762
"../../../Engine/Plugins/Interchange/Runtime/Content/gltf/MaterialInstances_MR/MI_Opaque_TS.uexp" 763
"../../../Engine/Plugins/Interchange/Runtime/Content/gltf/MaterialFunctions/MF_Sheen.uasset" 764
"../../../Engine/Plugins/Interchange/Runtime/Content/gltf/MaterialFunctions/MF_Sheen.uexp" 765
"../../../Engine/Content/Functions/Engine_MaterialFunctions01/Shading/FuzzyShading.uasset" 766
"../../../Engine/Content/Functions/Engine_MaterialFunctions01/Shading/FuzzyShading.uexp" 767
"../../../Engine/Plugins/Interchange/Runtime/Content/gltf/M_Sheen.uasset" 768
"../../../Engine/Plugins/Interchange/Runtime/Content/gltf/M_Sheen.uexp" 769
"../../../Engine/Plugins/Interchange/Runtime/Content/gltf/MaterialInstances_MR/MI_Opaque_Sheen_TS.uasset" 770
"../../../Engine/Plugins/Interchange/Runtime/Content/gltf/MaterialInstances_MR/MI_Opaque_Sheen_TS.uexp" 771
"../../../Engine/Plugins/Interchange/Runtime/Content/gltf/MaterialInstances_MR/MI_Opaque_Sheen.uasset" 772
"../../../Engine/Plugins/Interchange/Runtime/Content/gltf/MaterialInstances_MR/MI_Opaque_Sheen.uexp" 773
"../../../Engine/Plugins/Interchange/Runtime/Content/gltf/MaterialInstances_MR/MI_Opaque_ClearCoat_TS.uasset" 774
"../../../Engine/Plugins/Interchange/Runtime/Content/gltf/MaterialInstances_MR/MI_Opaque_ClearCoat_TS.uexp" 775
"../../../Engine/Plugins/Interchange/Runtime/Content/gltf/MaterialInstances_MR/MI_Opaque_ClearCoat.uasset" 776
"../../../Engine/Plugins/Interchange/Runtime/Content/gltf/MaterialInstances_MR/MI_Opaque_ClearCoat.uexp" 777
"../../../Engine/Plugins/Interchange/Runtime/Content/gltf/MaterialInstances_MR/MI_Opaque.uasset" 778
"../../../Engine/Plugins/Interchange/Runtime/Content/gltf/MaterialInstances_MR/MI_Opaque.uexp" 779
"../../../Engine/Plugins/Interchange/Runtime/Content/gltf/MaterialInstances_SG/MI_Transmission_TS.uasset" 780
"../../../Engine/Plugins/Interchange/Runtime/Content/gltf/MaterialInstances_SG/MI_Transmission_TS.uexp" 781
"../../../Engine/Plugins/Interchange/Runtime/Content/gltf/MaterialInstances_SG/MI_Transmission.uasset" 782
"../../../Engine/Plugins/Interchange/Runtime/Content/gltf/MaterialInstances_SG/MI_Transmission.uexp" 783
"../../../Engine/Plugins/Interchange/Runtime/Content/gltf/MaterialInstances_SG/MI_Translucent_TS.uasset" 784
"../../../Engine/Plugins/Interchange/Runtime/Content/gltf/MaterialInstances_SG/MI_Translucent_TS.uexp" 785
"../../../Engine/Plugins/Interchange/Runtime/Content/gltf/MaterialInstances_SG/MI_Translucent_ClearCoat_TS.uasset" 786
"../../../Engine/Plugins/Interchange/Runtime/Content/gltf/MaterialInstances_SG/MI_Translucent_ClearCoat_TS.uexp" 787
"../../../Engine/Plugins/Interchange/Runtime/Content/gltf/MaterialInstances_SG/MI_Translucent_ClearCoat.uasset" 788
"../../../Engine/Plugins/Interchange/Runtime/Content/gltf/MaterialInstances_SG/MI_Translucent_ClearCoat.uexp" 789
"../../../Engine/Plugins/Interchange/Runtime/Content/gltf/MaterialInstances_SG/MI_Translucent.uasset" 790
"../../../Engine/Plugins/Interchange/Runtime/Content/gltf/MaterialInstances_SG/MI_Translucent.uexp" 791
"../../../Engine/Plugins/Interchange/Runtime/Content/gltf/MaterialInstances_SG/MI_Opaque_TS.uasset" 792
"../../../Engine/Plugins/Interchange/Runtime/Content/gltf/MaterialInstances_SG/MI_Opaque_TS.uexp" 793
"../../../Engine/Plugins/Interchange/Runtime/Content/gltf/MaterialInstances_SG/MI_Opaque_Sheen_TS.uasset" 794
"../../../Engine/Plugins/Interchange/Runtime/Content/gltf/MaterialInstances_SG/MI_Opaque_Sheen_TS.uexp" 795
"../../../Engine/Plugins/Interchange/Runtime/Content/gltf/MaterialInstances_SG/MI_Opaque_Sheen.uasset" 796
"../../../Engine/Plugins/Interchange/Runtime/Content/gltf/MaterialInstances_SG/MI_Opaque_Sheen.uexp" 797
"../../../Engine/Plugins/Interchange/Runtime/Content/gltf/MaterialInstances_SG/MI_Opaque_ClearCoat_TS.uasset" 798
"../../../Engine/Plugins/Interchange/Runtime/Content/gltf/MaterialInstances_SG/MI_Opaque_ClearCoat_TS.uexp" 799
"../../../Engine/Plugins/Interchange/Runtime/Content/gltf/MaterialInstances_SG/MI_Opaque_ClearCoat.uasset" 800
"../../../Engine/Plugins/Interchange/Runtime/Content/gltf/MaterialInstances_SG/MI_Opaque_ClearCoat.uexp" 801
"../../../Engine/Plugins/Interchange/Runtime/Content/gltf/MaterialInstances_SG/MI_Opaque.uasset" 802
"../../../Engine/Plugins/Interchange/Runtime/Content/gltf/MaterialInstances_SG/MI_Opaque.uexp" 803
"C:/VOLUMEN/Unreal/DemoMakers/Demomakers/demoexe/Content/GameInternal/UI/UWI_Pausemenu.uasset" 804
"C:/VOLUMEN/Unreal/DemoMakers/Demomakers/demoexe/Content/GameInternal/UI/UWI_Pausemenu.uexp" 805
"C:/VOLUMEN/Unreal/DemoMakers/Demomakers/demoexe/Content/ThirdPerson/Blueprints/Ai_movement.uasset" 806
"C:/VOLUMEN/Unreal/DemoMakers/Demomakers/demoexe/Content/ThirdPerson/Blueprints/Ai_movement.uexp" 807
"C:/VOLUMEN/Unreal/DemoMakers/Demomakers/demoexe/Content/Characters/Mannequins/Meshes/SK_Mannequin.uasset" 808
"C:/VOLUMEN/Unreal/DemoMakers/Demomakers/demoexe/Content/Characters/Mannequins/Meshes/SK_Mannequin.uexp" 809
"C:/VOLUMEN/Unreal/DemoMakers/Demomakers/demoexe/Content/Characters/Mannequins/Textures/Quinn/T_Quinn_02ID_MSR_MSK.ubulk" 810
"C:/VOLUMEN/Unreal/DemoMakers/Demomakers/demoexe/Content/Characters/Mannequins/Textures/Quinn/T_Quinn_02ID_MSR_MSK.uasset" 811
"C:/VOLUMEN/Unreal/DemoMakers/Demomakers/demoexe/Content/Characters/Mannequins/Textures/Quinn/T_Quinn_02ID_MSR_MSK.uexp" 812
"C:/VOLUMEN/Unreal/DemoMakers/Demomakers/demoexe/Content/Characters/Mannequins/Textures/Quinn/T_Quinn_02ID_BN.ubulk" 813
"C:/VOLUMEN/Unreal/DemoMakers/Demomakers/demoexe/Content/Characters/Mannequins/Textures/Quinn/T_Quinn_02ID_BN.uasset" 814
"C:/VOLUMEN/Unreal/DemoMakers/Demomakers/demoexe/Content/Characters/Mannequins/Textures/Quinn/T_Quinn_02ID_BN.uexp" 815
"C:/VOLUMEN/Unreal/DemoMakers/Demomakers/demoexe/Content/Characters/Mannequins/Textures/Quinn/T_Quinn_02_ASAOMASK_MSK.ubulk" 816
"C:/VOLUMEN/Unreal/DemoMakers/Demomakers/demoexe/Content/Characters/Mannequins/Textures/Quinn/T_Quinn_02_ASAOMASK_MSK.uasset" 817
"C:/VOLUMEN/Unreal/DemoMakers/Demomakers/demoexe/Content/Characters/Mannequins/Textures/Quinn/T_Quinn_02_ASAOMASK_MSK.uexp" 818
"C:/VOLUMEN/Unreal/DemoMakers/Demomakers/demoexe/Content/Characters/Mannequins/Textures/Quinn/T_Quinn_02_CCRCCPlastic_MSK.ubulk" 819
"C:/VOLUMEN/Unreal/DemoMakers/Demomakers/demoexe/Content/Characters/Mannequins/Textures/Quinn/T_Quinn_02_CCRCCPlastic_MSK.uasset" 820
"C:/VOLUMEN/Unreal/DemoMakers/Demomakers/demoexe/Content/Characters/Mannequins/Textures/Quinn/T_Quinn_02_CCRCCPlastic_MSK.uexp" 821
"C:/VOLUMEN/Unreal/DemoMakers/Demomakers/demoexe/Content/Characters/Mannequins/Textures/Quinn/T_Quinn_02ID_Tan.ubulk" 822
"C:/VOLUMEN/Unreal/DemoMakers/Demomakers/demoexe/Content/Characters/Mannequins/Textures/Quinn/T_Quinn_02ID_Tan.uasset" 823
"C:/VOLUMEN/Unreal/DemoMakers/Demomakers/demoexe/Content/Characters/Mannequins/Textures/Quinn/T_Quinn_02ID_Tan.uexp" 824
"C:/VOLUMEN/Unreal/DemoMakers/Demomakers/demoexe/Content/Characters/Mannequins/Textures/Quinn/T_Quinn_02ID_D.ubulk" 825
"C:/VOLUMEN/Unreal/DemoMakers/Demomakers/demoexe/Content/Characters/Mannequins/Textures/Quinn/T_Quinn_02ID_D.uasset" 826
"C:/VOLUMEN/Unreal/DemoMakers/Demomakers/demoexe/Content/Characters/Mannequins/Textures/Quinn/T_Quinn_02ID_D.uexp" 827
"C:/VOLUMEN/Unreal/DemoMakers/Demomakers/demoexe/Content/Characters/Mannequins/Textures/Quinn/T_Quinn_01ID_MSR_MSK.ubulk" 828
"C:/VOLUMEN/Unreal/DemoMakers/Demomakers/demoexe/Content/Characters/Mannequins/Textures/Quinn/T_Quinn_01ID_MSR_MSK.uasset" 829
"C:/VOLUMEN/Unreal/DemoMakers/Demomakers/demoexe/Content/Characters/Mannequins/Textures/Quinn/T_Quinn_01ID_MSR_MSK.uexp" 830
"C:/VOLUMEN/Unreal/DemoMakers/Demomakers/demoexe/Content/Characters/Mannequins/Materials/Functions/ChromaticCurve.uasset" 831
"C:/VOLUMEN/Unreal/DemoMakers/Demomakers/demoexe/Content/Characters/Mannequins/Materials/Functions/ChromaticCurve.uexp" 832
"C:/VOLUMEN/Unreal/DemoMakers/Demomakers/demoexe/Content/Characters/Mannequins/Materials/Functions/CA_Mannequin.uasset" 833
"C:/VOLUMEN/Unreal/DemoMakers/Demomakers/demoexe/Content/Characters/Mannequins/Materials/Functions/CA_Mannequin.uexp" 834
"C:/VOLUMEN/Unreal/DemoMakers/Demomakers/demoexe/Content/Characters/Mannequins/Materials/Functions/MF_Diffraction.uasset" 835
"C:/VOLUMEN/Unreal/DemoMakers/Demomakers/demoexe/Content/Characters/Mannequins/Materials/Functions/MF_Diffraction.uexp" 836
"C:/VOLUMEN/Unreal/DemoMakers/Demomakers/demoexe/Content/Characters/Mannequins/Textures/Manny/T_Manny_01_N.ubulk" 837
"C:/VOLUMEN/Unreal/DemoMakers/Demomakers/demoexe/Content/Characters/Mannequins/Textures/Manny/T_Manny_01_N.uasset" 838
"C:/VOLUMEN/Unreal/DemoMakers/Demomakers/demoexe/Content/Characters/Mannequins/Textures/Manny/T_Manny_01_N.uexp" 839
"C:/VOLUMEN/Unreal/DemoMakers/Demomakers/demoexe/Content/Characters/Mannequins/Materials/Functions/ML_BaseColorFallOff.uasset" 840
"C:/VOLUMEN/Unreal/DemoMakers/Demomakers/demoexe/Content/Characters/Mannequins/Materials/Functions/ML_BaseColorFallOff.uexp" 841
"../../../Engine/Content/Functions/Engine_MaterialFunctions01/Texturing/ScaleUVsByCenter.uasset" 842
"../../../Engine/Content/Functions/Engine_MaterialFunctions01/Texturing/ScaleUVsByCenter.uexp" 843
"C:/VOLUMEN/Unreal/DemoMakers/Demomakers/demoexe/Content/Characters/Mannequins/Textures/Shared/T_UE_Logo_M.uasset" 844
"C:/VOLUMEN/Unreal/DemoMakers/Demomakers/demoexe/Content/Characters/Mannequins/Textures/Shared/T_UE_Logo_M.uexp" 845
"C:/VOLUMEN/Unreal/DemoMakers/Demomakers/demoexe/Content/Characters/Mannequins/Materials/Functions/MF_logo3layers.uasset" 846
"C:/VOLUMEN/Unreal/DemoMakers/Demomakers/demoexe/Content/Characters/Mannequins/Materials/Functions/MF_logo3layers.uexp" 847
"C:/VOLUMEN/Unreal/DemoMakers/Demomakers/demoexe/Content/Characters/Mannequins/Textures/Manny/T_Manny_01_CCRCCPlastic_MSK.ubulk" 848
"C:/VOLUMEN/Unreal/DemoMakers/Demomakers/demoexe/Content/Characters/Mannequins/Textures/Manny/T_Manny_01_CCRCCPlastic_MSK.uasset" 849
"C:/VOLUMEN/Unreal/DemoMakers/Demomakers/demoexe/Content/Characters/Mannequins/Textures/Manny/T_Manny_01_CCRCCPlastic_MSK.uexp" 850
"C:/VOLUMEN/Unreal/DemoMakers/Demomakers/demoexe/Content/Characters/Mannequins/Textures/Manny/T_Manny_01_ASAOPMASK_MSK.ubulk" 851
"C:/VOLUMEN/Unreal/DemoMakers/Demomakers/demoexe/Content/Characters/Mannequins/Textures/Manny/T_Manny_01_ASAOPMASK_MSK.uasset" 852
"C:/VOLUMEN/Unreal/DemoMakers/Demomakers/demoexe/Content/Characters/Mannequins/Textures/Manny/T_Manny_01_ASAOPMASK_MSK.uexp" 853
"C:/VOLUMEN/Unreal/DemoMakers/Demomakers/demoexe/Content/Characters/Mannequins/Textures/Manny/T_Manny_01_MSR_MSK.ubulk" 854
"C:/VOLUMEN/Unreal/DemoMakers/Demomakers/demoexe/Content/Characters/Mannequins/Textures/Manny/T_Manny_01_MSR_MSK.uasset" 855
"C:/VOLUMEN/Unreal/DemoMakers/Demomakers/demoexe/Content/Characters/Mannequins/Textures/Manny/T_Manny_01_MSR_MSK.uexp" 856
"C:/VOLUMEN/Unreal/DemoMakers/Demomakers/demoexe/Content/Characters/Mannequins/Textures/Manny/T_Manny_01_BN.ubulk" 857
"C:/VOLUMEN/Unreal/DemoMakers/Demomakers/demoexe/Content/Characters/Mannequins/Textures/Manny/T_Manny_01_BN.uasset" 858
"C:/VOLUMEN/Unreal/DemoMakers/Demomakers/demoexe/Content/Characters/Mannequins/Textures/Manny/T_Manny_01_BN.uexp" 859
"C:/VOLUMEN/Unreal/DemoMakers/Demomakers/demoexe/Content/Characters/Mannequins/Textures/Manny/T_Manny_01_D.ubulk" 860
"C:/VOLUMEN/Unreal/DemoMakers/Demomakers/demoexe/Content/Characters/Mannequins/Textures/Manny/T_Manny_01_D.uasset" 861
"C:/VOLUMEN/Unreal/DemoMakers/Demomakers/demoexe/Content/Characters/Mannequins/Textures/Manny/T_Manny_01_D.uexp" 862
"C:/VOLUMEN/Unreal/DemoMakers/Demomakers/demoexe/Content/Characters/Mannequins/Textures/Manny/T_Manny_01_Tan.ubulk" 863
"C:/VOLUMEN/Unreal/DemoMakers/Demomakers/demoexe/Content/Characters/Mannequins/Textures/Manny/T_Manny_01_Tan.uasset" 864
"C:/VOLUMEN/Unreal/DemoMakers/Demomakers/demoexe/Content/Characters/Mannequins/Textures/Manny/T_Manny_01_Tan.uexp" 865
"C:/VOLUMEN/Unreal/DemoMakers/Demomakers/demoexe/Content/Characters/Mannequins/Materials/M_Mannequin.uasset" 866
"C:/VOLUMEN/Unreal/DemoMakers/Demomakers/demoexe/Content/Characters/Mannequins/Materials/M_Mannequin.uexp" 867
"C:/VOLUMEN/Unreal/DemoMakers/Demomakers/demoexe/Content/Characters/Mannequins/Textures/Quinn/T_Quinn_01_ASAOMASK_MSK.ubulk" 868
"C:/VOLUMEN/Unreal/DemoMakers/Demomakers/demoexe/Content/Characters/Mannequins/Textures/Quinn/T_Quinn_01_ASAOMASK_MSK.uasset" 869
"C:/VOLUMEN/Unreal/DemoMakers/Demomakers/demoexe/Content/Characters/Mannequins/Textures/Quinn/T_Quinn_01_ASAOMASK_MSK.uexp" 870
"C:/VOLUMEN/Unreal/DemoMakers/Demomakers/demoexe/Content/Characters/Mannequins/Textures/Quinn/T_Quinn_01ID_N.ubulk" 871
"C:/VOLUMEN/Unreal/DemoMakers/Demomakers/demoexe/Content/Characters/Mannequins/Textures/Quinn/T_Quinn_01ID_N.uasset" 872
"C:/VOLUMEN/Unreal/DemoMakers/Demomakers/demoexe/Content/Characters/Mannequins/Textures/Quinn/T_Quinn_01ID_N.uexp" 873
"C:/VOLUMEN/Unreal/DemoMakers/Demomakers/demoexe/Content/Characters/Mannequins/Textures/Quinn/T_Quinn_01ID_BN.ubulk" 874
"C:/VOLUMEN/Unreal/DemoMakers/Demomakers/demoexe/Content/Characters/Mannequins/Textures/Quinn/T_Quinn_01ID_BN.uasset" 875
"C:/VOLUMEN/Unreal/DemoMakers/Demomakers/demoexe/Content/Characters/Mannequins/Textures/Quinn/T_Quinn_01ID_BN.uexp" 876
"C:/VOLUMEN/Unreal/DemoMakers/Demomakers/demoexe/Content/Characters/Mannequins/Textures/Quinn/T_Quinn_01ID_D.ubulk" 877
"C:/VOLUMEN/Unreal/DemoMakers/Demomakers/demoexe/Content/Characters/Mannequins/Textures/Quinn/T_Quinn_01ID_D.uasset" 878
"C:/VOLUMEN/Unreal/DemoMakers/Demomakers/demoexe/Content/Characters/Mannequins/Textures/Quinn/T_Quinn_01ID_D.uexp" 879
"C:/VOLUMEN/Unreal/DemoMakers/Demomakers/demoexe/Content/Characters/Mannequins/Textures/Quinn/T_Quinn_01ID_Tan.ubulk" 880
"C:/VOLUMEN/Unreal/DemoMakers/Demomakers/demoexe/Content/Characters/Mannequins/Textures/Quinn/T_Quinn_01ID_Tan.uasset" 881
"C:/VOLUMEN/Unreal/DemoMakers/Demomakers/demoexe/Content/Characters/Mannequins/Textures/Quinn/T_Quinn_01ID_Tan.uexp" 882
"C:/VOLUMEN/Unreal/DemoMakers/Demomakers/demoexe/Content/Characters/Mannequins/Textures/Quinn/T_Quinn_01_CCRCCPlastic_MSK.ubulk" 883
"C:/VOLUMEN/Unreal/DemoMakers/Demomakers/demoexe/Content/Characters/Mannequins/Textures/Quinn/T_Quinn_01_CCRCCPlastic_MSK.uasset" 884
"C:/VOLUMEN/Unreal/DemoMakers/Demomakers/demoexe/Content/Characters/Mannequins/Textures/Quinn/T_Quinn_01_CCRCCPlastic_MSK.uexp" 885
"C:/VOLUMEN/Unreal/DemoMakers/Demomakers/demoexe/Content/Characters/Mannequins/Materials/Instances/Quinn/MI_Quinn_01.uasset" 886
"C:/VOLUMEN/Unreal/DemoMakers/Demomakers/demoexe/Content/Characters/Mannequins/Materials/Instances/Quinn/MI_Quinn_01.uexp" 887
"C:/VOLUMEN/Unreal/DemoMakers/Demomakers/demoexe/Content/Characters/Mannequins/Textures/Quinn/T_Quinn_02ID_N.ubulk" 888
"C:/VOLUMEN/Unreal/DemoMakers/Demomakers/demoexe/Content/Characters/Mannequins/Textures/Quinn/T_Quinn_02ID_N.uasset" 889
"C:/VOLUMEN/Unreal/DemoMakers/Demomakers/demoexe/Content/Characters/Mannequins/Textures/Quinn/T_Quinn_02ID_N.uexp" 890
"C:/VOLUMEN/Unreal/DemoMakers/Demomakers/demoexe/Content/Characters/Mannequins/Materials/Instances/Quinn/MI_Quinn_02.uasset" 891
"C:/VOLUMEN/Unreal/DemoMakers/Demomakers/demoexe/Content/Characters/Mannequins/Materials/Instances/Quinn/MI_Quinn_02.uexp" 892
"C:/VOLUMEN/Unreal/DemoMakers/Demomakers/demoexe/Content/Characters/Mannequins/Rigs/PA_Mannequin.uasset" 893
"C:/VOLUMEN/Unreal/DemoMakers/Demomakers/demoexe/Content/Characters/Mannequins/Rigs/PA_Mannequin.uexp" 894
"C:/VOLUMEN/Unreal/DemoMakers/Demomakers/demoexe/Content/Characters/Mannequins/Meshes/SKM_Quinn_Simple.uasset" 895
"C:/VOLUMEN/Unreal/DemoMakers/Demomakers/demoexe/Content/Characters/Mannequins/Meshes/SKM_Quinn_Simple.uexp" 896
"C:/VOLUMEN/Unreal/DemoMakers/Demomakers/demoexe/Content/ThirdPerson/Input/Actions/IA_Jump.uasset" 897
"C:/VOLUMEN/Unreal/DemoMakers/Demomakers/demoexe/Content/ThirdPerson/Input/Actions/IA_Jump.uexp" 898
"C:/VOLUMEN/Unreal/DemoMakers/Demomakers/demoexe/Content/ThirdPerson/Input/Actions/AI_Pause.uasset" 899
"C:/VOLUMEN/Unreal/DemoMakers/Demomakers/demoexe/Content/ThirdPerson/Input/Actions/AI_Pause.uexp" 900
"C:/VOLUMEN/Unreal/DemoMakers/Demomakers/demoexe/Content/ThirdPerson/Input/Actions/IA_Look.uasset" 901
"C:/VOLUMEN/Unreal/DemoMakers/Demomakers/demoexe/Content/ThirdPerson/Input/Actions/IA_Look.uexp" 902
"C:/VOLUMEN/Unreal/DemoMakers/Demomakers/demoexe/Content/ThirdPerson/Input/Actions/IA_Move.uasset" 903
"C:/VOLUMEN/Unreal/DemoMakers/Demomakers/demoexe/Content/ThirdPerson/Input/Actions/IA_Move.uexp" 904
"C:/VOLUMEN/Unreal/DemoMakers/Demomakers/demoexe/Content/ThirdPerson/Input/IMC_Default.uasset" 905
"C:/VOLUMEN/Unreal/DemoMakers/Demomakers/demoexe/Content/ThirdPerson/Input/IMC_Default.uexp" 906
"../../../Engine/Content/Animation/DefaultAnimCurveCompressionSettings.uasset" 907
"../../../Engine/Content/Animation/DefaultAnimCurveCompressionSettings.uexp" 908
"../../../Engine/Content/Animation/DefaultAnimBoneCompressionSettings.uasset" 909
"../../../Engine/Content/Animation/DefaultAnimBoneCompressionSettings.uexp" 910
"C:/VOLUMEN/Unreal/DemoMakers/Demomakers/demoexe/Content/Characters/Mannequins/Animations/Quinn/MF_Run_Fwd.uasset" 911
"C:/VOLUMEN/Unreal/DemoMakers/Demomakers/demoexe/Content/Characters/Mannequins/Animations/Quinn/MF_Run_Fwd.uexp" 912
"C:/VOLUMEN/Unreal/DemoMakers/Demomakers/demoexe/Content/Characters/Mannequins/Animations/Quinn/MF_Walk_Fwd.uasset" 913
"C:/VOLUMEN/Unreal/DemoMakers/Demomakers/demoexe/Content/Characters/Mannequins/Animations/Quinn/MF_Walk_Fwd.uexp" 914
"../../../Engine/Content/Animation/DefaultRecorderBoneCompression.uasset" 915
"../../../Engine/Content/Animation/DefaultRecorderBoneCompression.uexp" 916
"C:/VOLUMEN/Unreal/DemoMakers/Demomakers/demoexe/Content/Characters/Mannequins/Animations/Manny/MM_Walk_InPlace.uasset" 917
"C:/VOLUMEN/Unreal/DemoMakers/Demomakers/demoexe/Content/Characters/Mannequins/Animations/Manny/MM_Walk_InPlace.uexp" 918
"C:/VOLUMEN/Unreal/DemoMakers/Demomakers/demoexe/Content/Characters/Mannequins/Animations/Quinn/BS_MF_Unarmed_WalkRun.uasset" 919
"C:/VOLUMEN/Unreal/DemoMakers/Demomakers/demoexe/Content/Characters/Mannequins/Animations/Quinn/BS_MF_Unarmed_WalkRun.uexp" 920
"C:/VOLUMEN/Unreal/DemoMakers/Demomakers/demoexe/Content/Characters/Mannequins/Animations/Quinn/MF_Idle.uasset" 921
"C:/VOLUMEN/Unreal/DemoMakers/Demomakers/demoexe/Content/Characters/Mannequins/Animations/Quinn/MF_Idle.uexp" 922
"C:/VOLUMEN/Unreal/DemoMakers/Demomakers/demoexe/Content/Characters/Mannequins/Animations/Manny/MM_Fall_Loop.uasset" 923
"C:/VOLUMEN/Unreal/DemoMakers/Demomakers/demoexe/Content/Characters/Mannequins/Animations/Manny/MM_Fall_Loop.uexp" 924
"C:/VOLUMEN/Unreal/DemoMakers/Demomakers/demoexe/Content/Characters/Mannequins/Animations/Manny/MM_Jump.uasset" 925
"C:/VOLUMEN/Unreal/DemoMakers/Demomakers/demoexe/Content/Characters/Mannequins/Animations/Manny/MM_Jump.uexp" 926
"../../../Engine/Plugins/Animation/ControlRig/Content/Controls/DefaultGizmoLibrary.uasset" 927
"../../../Engine/Plugins/Animation/ControlRig/Content/Controls/DefaultGizmoLibrary.uexp" 928
"C:/VOLUMEN/Unreal/DemoMakers/Demomakers/demoexe/Content/Characters/Mannequins/Rigs/CR_Mannequin_BasicFootIK.uasset" 929
"C:/VOLUMEN/Unreal/DemoMakers/Demomakers/demoexe/Content/Characters/Mannequins/Rigs/CR_Mannequin_BasicFootIK.uexp" 930
"C:/VOLUMEN/Unreal/DemoMakers/Demomakers/demoexe/Content/Characters/Mannequins/Animations/Manny/MM_Run_Fwd.uasset" 931
"C:/VOLUMEN/Unreal/DemoMakers/Demomakers/demoexe/Content/Characters/Mannequins/Animations/Manny/MM_Run_Fwd.uexp" 932
"C:/VOLUMEN/Unreal/DemoMakers/Demomakers/demoexe/Content/Characters/Mannequins/Animations/Manny/MM_Walk_Fwd.uasset" 933
"C:/VOLUMEN/Unreal/DemoMakers/Demomakers/demoexe/Content/Characters/Mannequins/Animations/Manny/MM_Walk_Fwd.uexp" 934
"C:/VOLUMEN/Unreal/DemoMakers/Demomakers/demoexe/Content/Characters/Mannequins/Animations/Manny/BS_MM_WalkRun.uasset" 935
"C:/VOLUMEN/Unreal/DemoMakers/Demomakers/demoexe/Content/Characters/Mannequins/Animations/Manny/BS_MM_WalkRun.uexp" 936
"C:/VOLUMEN/Unreal/DemoMakers/Demomakers/demoexe/Content/Characters/Mannequins/Animations/Manny/MM_Land.uasset" 937
"C:/VOLUMEN/Unreal/DemoMakers/Demomakers/demoexe/Content/Characters/Mannequins/Animations/Manny/MM_Land.uexp" 938
"C:/VOLUMEN/Unreal/DemoMakers/Demomakers/demoexe/Content/Characters/Mannequins/Animations/Manny/MM_Idle.uasset" 939
"C:/VOLUMEN/Unreal/DemoMakers/Demomakers/demoexe/Content/Characters/Mannequins/Animations/Manny/MM_Idle.uexp" 940
"C:/VOLUMEN/Unreal/DemoMakers/Demomakers/demoexe/Content/Characters/Mannequins/Animations/ABP_Manny.uasset" 941
"C:/VOLUMEN/Unreal/DemoMakers/Demomakers/demoexe/Content/Characters/Mannequins/Animations/ABP_Manny.uexp" 942
"C:/VOLUMEN/Unreal/DemoMakers/Demomakers/demoexe/Content/Characters/Mannequins/Animations/ABP_Quinn.uasset" 943
"C:/VOLUMEN/Unreal/DemoMakers/Demomakers/demoexe/Content/Characters/Mannequins/Animations/ABP_Quinn.uexp" 944
"C:/VOLUMEN/Unreal/DemoMakers/Demomakers/demoexe/Content/ThirdPerson/Blueprints/BP_PJ.uasset" 945
"C:/VOLUMEN/Unreal/DemoMakers/Demomakers/demoexe/Content/ThirdPerson/Blueprints/BP_PJ.uexp" 946
"../../../Engine/Content/EditorBlueprintResources/StandardMacros.uasset" 947
"../../../Engine/Content/EditorBlueprintResources/StandardMacros.uexp" 948
"C:/VOLUMEN/Unreal/DemoMakers/Demomakers/demoexe/Content/ThirdPerson/Blueprints/BP_ThirdPersonCharacter.uasset" 949
"C:/VOLUMEN/Unreal/DemoMakers/Demomakers/demoexe/Content/ThirdPerson/Blueprints/BP_ThirdPersonCharacter.uexp" 950
"C:/VOLUMEN/Unreal/DemoMakers/Demomakers/demoexe/Content/ThirdPerson/Blueprints/IMC_player.uasset" 951
"C:/VOLUMEN/Unreal/DemoMakers/Demomakers/demoexe/Content/ThirdPerson/Blueprints/IMC_player.uexp" 952
"C:/VOLUMEN/Unreal/DemoMakers/Demomakers/demoexe/Content/ThirdPerson/Blueprints/BP_DemoGameModeBase.uasset" 953
"C:/VOLUMEN/Unreal/DemoMakers/Demomakers/demoexe/Content/ThirdPerson/Blueprints/BP_DemoGameModeBase.uexp" 954
"../../../Engine/Content/Maps/Templates/HLODs/HLODLayer_Instanced.uasset" 955
"../../../Engine/Content/Maps/Templates/HLODs/HLODLayer_Instanced.uexp" 956
"C:/VOLUMEN/Unreal/DemoMakers/Demomakers/demoexe/Content/ThirdPerson/Maps/ThirdPersonMap.uexp" 957
"C:/VOLUMEN/Unreal/DemoMakers/Demomakers/demoexe/Content/ThirdPerson/Maps/ThirdPersonMap.umap" 958
"C:/VOLUMEN/Unreal/DemoMakers/Demomakers/demoexe/Content/GameInternal/UI/UWI_Menu.uasset" 959
"C:/VOLUMEN/Unreal/DemoMakers/Demomakers/demoexe/Content/GameInternal/UI/UWI_Menu.uexp" 960
"C:/VOLUMEN/Unreal/DemoMakers/Demomakers/demoexe/Content/GameInternal/UI/MenuGameMode.uasset" 961
"C:/VOLUMEN/Unreal/DemoMakers/Demomakers/demoexe/Content/GameInternal/UI/MenuGameMode.uexp" 962
"C:/VOLUMEN/Unreal/DemoMakers/Demomakers/demoexe/Content/ThirdPerson/Maps/MainMenuMap.uexp" 963
"C:/VOLUMEN/Unreal/DemoMakers/Demomakers/demoexe/Content/ThirdPerson/Maps/MainMenuMap.umap" 964
"../../../Engine/Content/Maps/Entry_BuiltData.uasset" 965
"../../../Engine/Content/Maps/Entry_BuiltData.uexp" 966
"../../../Engine/Content/Maps/Entry.uexp" 967
"../../../Engine/Content/Maps/Entry.umap" 968
